2025-11-14 13:07:32.148 INFO  c.e.h.HouseholdBookApplication - Starting HouseholdBookApplication using Java 17.0.10 with PID 2735 (/Applications/Eclipse_2023-12.app/Contents/workspace/household-book/target/classes started by hidekiikeda in /Applications/Eclipse_2023-12.app/Contents/workspace/household-book)
2025-11-14 13:07:32.149 INFO  c.e.h.HouseholdBookApplication - No active profile set, falling back to 1 default profile: "default"
2025-11-14 13:07:32.337 INFO  o.a.catalina.core.StandardService - Starting service [Tomcat]
2025-11-14 13:07:32.337 INFO  o.a.catalina.core.StandardEngine - Starting Servlet engine: [Apache Tomcat/10.1.48]
2025-11-14 13:07:32.344 INFO  o.a.c.c.C.[Tomcat].[localhost].[/] - Initializing Spring embedded WebApplicationContext
2025-11-14 13:07:32.378 INFO  com.zaxxer.hikari.HikariDataSource - HikariPool-10 - Starting...
2025-11-14 13:07:32.468 INFO  com.zaxxer.hikari.pool.HikariPool - HikariPool-10 - Added connection oracle.jdbc.driver.T4CConnection@17a0bb3e
2025-11-14 13:07:32.469 INFO  com.zaxxer.hikari.HikariDataSource - HikariPool-10 - Start completed.
2025-11-14 13:07:32.475 WARN  org.hibernate.orm.deprecation - HHH90000025: OracleDialect does not need to be specified explicitly using 'hibernate.dialect' (remove the property setting and it will be selected by default)
2025-11-14 13:07:49.380 WARN  o.s.b.a.o.j.JpaBaseConfiguration$JpaWebConfiguration - spring.jpa.open-in-view is enabled by default. Therefore, database queries may be performed during view rendering. Explicitly configure spring.jpa.open-in-view to disable this warning
2025-11-14 13:07:49.421 WARN  o.s.b.a.t.ThymeleafAutoConfiguration$DefaultTemplateResolverConfiguration - Cannot find template location: classpath:/templates/ (please add some templates, check your Thymeleaf configuration, or set spring.thymeleaf.check-template-location=false)
2025-11-14 13:07:49.463 INFO  c.e.h.HouseholdBookApplication - Started HouseholdBookApplication in 17.386 seconds (process running for 4784.311)
2025-11-14 13:08:17.107 INFO  com.zaxxer.hikari.HikariDataSource - HikariPool-10 - Shutdown initiated...
2025-11-14 13:08:17.130 INFO  com.zaxxer.hikari.HikariDataSource - HikariPool-10 - Shutdown completed.
2025-11-14 13:08:17.196 INFO  c.e.h.HouseholdBookApplication - Starting HouseholdBookApplication using Java 17.0.10 with PID 2735 (/Applications/Eclipse_2023-12.app/Contents/workspace/household-book/target/classes started by hidekiikeda in /Applications/Eclipse_2023-12.app/Contents/workspace/household-book)
2025-11-14 13:08:17.196 INFO  c.e.h.HouseholdBookApplication - No active profile set, falling back to 1 default profile: "default"
2025-11-14 13:08:17.349 INFO  o.a.catalina.core.StandardService - Starting service [Tomcat]
2025-11-14 13:08:17.349 INFO  o.a.catalina.core.StandardEngine - Starting Servlet engine: [Apache Tomcat/10.1.48]
2025-11-14 13:08:17.357 INFO  o.a.c.c.C.[Tomcat].[localhost].[/] - Initializing Spring embedded WebApplicationContext
2025-11-14 13:08:17.386 INFO  com.zaxxer.hikari.HikariDataSource - HikariPool-11 - Starting...
2025-11-14 13:08:17.469 INFO  com.zaxxer.hikari.pool.HikariPool - HikariPool-11 - Added connection oracle.jdbc.driver.T4CConnection@6a81ebd3
2025-11-14 13:08:17.469 INFO  com.zaxxer.hikari.HikariDataSource - HikariPool-11 - Start completed.
2025-11-14 13:08:17.475 WARN  org.hibernate.orm.deprecation - HHH90000025: OracleDialect does not need to be specified explicitly using 'hibernate.dialect' (remove the property setting and it will be selected by default)
2025-11-14 13:08:34.582 WARN  o.s.b.a.o.j.JpaBaseConfiguration$JpaWebConfiguration - spring.jpa.open-in-view is enabled by default. Therefore, database queries may be performed during view rendering. Explicitly configure spring.jpa.open-in-view to disable this warning
2025-11-14 13:08:34.638 WARN  o.s.b.a.t.ThymeleafAutoConfiguration$DefaultTemplateResolverConfiguration - Cannot find template location: classpath:/templates/ (please add some templates, check your Thymeleaf configuration, or set spring.thymeleaf.check-template-location=false)
2025-11-14 13:08:34.697 INFO  c.e.h.HouseholdBookApplication - Started HouseholdBookApplication in 17.52 seconds (process running for 4829.544)
2025-11-14 13:08:51.181 INFO  com.zaxxer.hikari.HikariDataSource - HikariPool-11 - Shutdown initiated...
2025-11-14 13:08:51.203 INFO  com.zaxxer.hikari.HikariDataSource - HikariPool-11 - Shutdown completed.
2025-11-14 13:08:51.267 INFO  c.e.h.HouseholdBookApplication - Starting HouseholdBookApplication using Java 17.0.10 with PID 2735 (/Applications/Eclipse_2023-12.app/Contents/workspace/household-book/target/classes started by hidekiikeda in /Applications/Eclipse_2023-12.app/Contents/workspace/household-book)
2025-11-14 13:08:51.267 INFO  c.e.h.HouseholdBookApplication - No active profile set, falling back to 1 default profile: "default"
2025-11-14 13:08:51.407 INFO  o.a.catalina.core.StandardService - Starting service [Tomcat]
2025-11-14 13:08:51.407 INFO  o.a.catalina.core.StandardEngine - Starting Servlet engine: [Apache Tomcat/10.1.48]
2025-11-14 13:08:51.415 INFO  o.a.c.c.C.[Tomcat].[localhost].[/] - Initializing Spring embedded WebApplicationContext
2025-11-14 13:08:51.438 INFO  com.zaxxer.hikari.HikariDataSource - HikariPool-12 - Starting...
2025-11-14 13:08:51.526 INFO  com.zaxxer.hikari.pool.HikariPool - HikariPool-12 - Added connection oracle.jdbc.driver.T4CConnection@1e2874fe
2025-11-14 13:08:51.527 INFO  com.zaxxer.hikari.HikariDataSource - HikariPool-12 - Start completed.
2025-11-14 13:08:51.532 WARN  org.hibernate.orm.deprecation - HHH90000025: OracleDialect does not need to be specified explicitly using 'hibernate.dialect' (remove the property setting and it will be selected by default)
2025-11-14 13:09:08.719 WARN  o.s.b.w.s.c.AnnotationConfigServletWebServerApplicationContext - Exception encountered during context initialization - cancelling refresh attempt: org.springframework.beans.factory.UnsatisfiedDependencyException: Error creating bean with name 'expenseController' defined in file [/Applications/Eclipse_2023-12.app/Contents/workspace/household-book/target/classes/com/example/householdbook/controller/ExpenseController.class]: Unsatisfied dependency expressed through constructor parameter 0: Error creating bean with name 'expenseService': Resolution of declared constructors on bean Class [com.example.householdbook.service.ExpenseService] from ClassLoader [org.springframework.boot.devtools.restart.classloader.RestartClassLoader@1269cfa8] failed
2025-11-14 13:09:08.719 INFO  com.zaxxer.hikari.HikariDataSource - HikariPool-12 - Shutdown initiated...
2025-11-14 13:09:08.741 INFO  com.zaxxer.hikari.HikariDataSource - HikariPool-12 - Shutdown completed.
2025-11-14 13:09:08.741 INFO  o.a.catalina.core.StandardService - Stopping service [Tomcat]
2025-11-14 13:09:08.751 ERROR o.s.boot.SpringApplication - Application run failed
org.springframework.beans.factory.UnsatisfiedDependencyException: Error creating bean with name 'expenseController' defined in file [/Applications/Eclipse_2023-12.app/Contents/workspace/household-book/target/classes/com/example/householdbook/controller/ExpenseController.class]: Unsatisfied dependency expressed through constructor parameter 0: Error creating bean with name 'expenseService': Resolution of declared constructors on bean Class [com.example.householdbook.service.ExpenseService] from ClassLoader [org.springframework.boot.devtools.restart.classloader.RestartClassLoader@1269cfa8] failed
	at org.springframework.beans.factory.support.ConstructorResolver.createArgumentArray(ConstructorResolver.java:804)
	at org.springframework.beans.factory.support.ConstructorResolver.autowireConstructor(ConstructorResolver.java:240)
	at org.springframework.beans.factory.support.AbstractAutowireCapableBeanFactory.autowireConstructor(AbstractAutowireCapableBeanFactory.java:1395)
	at org.springframework.beans.factory.support.AbstractAutowireCapableBeanFactory.createBeanInstance(AbstractAutowireCapableBeanFactory.java:1232)
	at org.springframework.beans.factory.support.AbstractAutowireCapableBeanFactory.doCreateBean(AbstractAutowireCapableBeanFactory.java:569)
	at org.springframework.beans.factory.support.AbstractAutowireCapableBeanFactory.createBean(AbstractAutowireCapableBeanFactory.java:529)
	at org.springframework.beans.factory.support.AbstractBeanFactory.lambda$doGetBean$0(AbstractBeanFactory.java:339)
	at org.springframework.beans.factory.support.DefaultSingletonBeanRegistry.getSingleton(DefaultSingletonBeanRegistry.java:373)
	at org.springframework.beans.factory.support.AbstractBeanFactory.doGetBean(AbstractBeanFactory.java:337)
	at org.springframework.beans.factory.support.AbstractBeanFactory.getBean(AbstractBeanFactory.java:202)
	at org.springframework.beans.factory.support.DefaultListableBeanFactory.instantiateSingleton(DefaultListableBeanFactory.java:1228)
	at org.springframework.beans.factory.support.DefaultListableBeanFactory.preInstantiateSingleton(DefaultListableBeanFactory.java:1194)
	at org.springframework.beans.factory.support.DefaultListableBeanFactory.preInstantiateSingletons(DefaultListableBeanFactory.java:1130)
	at org.springframework.context.support.AbstractApplicationContext.finishBeanFactoryInitialization(AbstractApplicationContext.java:990)
	at org.springframework.context.support.AbstractApplicationContext.refresh(AbstractApplicationContext.java:627)
	at org.springframework.boot.web.servlet.context.ServletWebServerApplicationContext.refresh(ServletWebServerApplicationContext.java:146)
	at org.springframework.boot.SpringApplication.refresh(SpringApplication.java:752)
	at org.springframework.boot.SpringApplication.refreshContext(SpringApplication.java:439)
	at org.springframework.boot.SpringApplication.run(SpringApplication.java:318)
	at org.springframework.boot.SpringApplication.run(SpringApplication.java:1361)
	at org.springframework.boot.SpringApplication.run(SpringApplication.java:1350)
	at com.example.householdbook.HouseholdBookApplication.main(HouseholdBookApplication.java:10)
	at java.base/jdk.internal.reflect.NativeMethodAccessorImpl.invoke0(Native Method)
	at java.base/jdk.internal.reflect.NativeMethodAccessorImpl.invoke(NativeMethodAccessorImpl.java:77)
	at java.base/jdk.internal.reflect.DelegatingMethodAccessorImpl.invoke(DelegatingMethodAccessorImpl.java:43)
	at java.base/java.lang.reflect.Method.invoke(Method.java:568)
	at org.springframework.boot.devtools.restart.RestartLauncher.run(RestartLauncher.java:50)
Caused by: org.springframework.beans.factory.BeanCreationException: Error creating bean with name 'expenseService': Resolution of declared constructors on bean Class [com.example.householdbook.service.ExpenseService] from ClassLoader [org.springframework.boot.devtools.restart.classloader.RestartClassLoader@1269cfa8] failed
	at org.springframework.beans.factory.annotation.AutowiredAnnotationBeanPostProcessor.determineCandidateConstructors(AutowiredAnnotationBeanPostProcessor.java:384)
	at org.springframework.beans.factory.support.AbstractAutowireCapableBeanFactory.determineConstructorsFromBeanPostProcessors(AbstractAutowireCapableBeanFactory.java:1334)
	at org.springframework.beans.factory.support.AbstractAutowireCapableBeanFactory.createBeanInstance(AbstractAutowireCapableBeanFactory.java:1229)
	at org.springframework.beans.factory.support.AbstractAutowireCapableBeanFactory.doCreateBean(AbstractAutowireCapableBeanFactory.java:569)
	at org.springframework.beans.factory.support.AbstractAutowireCapableBeanFactory.createBean(AbstractAutowireCapableBeanFactory.java:529)
	at org.springframework.beans.factory.support.AbstractBeanFactory.lambda$doGetBean$0(AbstractBeanFactory.java:339)
	at org.springframework.beans.factory.support.DefaultSingletonBeanRegistry.getSingleton(DefaultSingletonBeanRegistry.java:373)
	at org.springframework.beans.factory.support.AbstractBeanFactory.doGetBean(AbstractBeanFactory.java:337)
	at org.springframework.beans.factory.support.AbstractBeanFactory.getBean(AbstractBeanFactory.java:202)
	at org.springframework.beans.factory.support.DefaultListableBeanFactory.doResolveDependency(DefaultListableBeanFactory.java:1708)
	at org.springframework.beans.factory.support.DefaultListableBeanFactory.resolveDependency(DefaultListableBeanFactory.java:1653)
	at org.springframework.beans.factory.support.ConstructorResolver.resolveAutowiredArgument(ConstructorResolver.java:913)
	at org.springframework.beans.factory.support.ConstructorResolver.createArgumentArray(ConstructorResolver.java:791)
	... 26 common frames omitted
Caused by: java.lang.NoClassDefFoundError: ExpenseRepository
	at java.base/java.lang.Class.getDeclaredConstructors0(Native Method)
	at java.base/java.lang.Class.privateGetDeclaredConstructors(Class.java:3373)
	at java.base/java.lang.Class.getDeclaredConstructors(Class.java:2555)
	at org.springframework.beans.factory.annotation.AutowiredAnnotationBeanPostProcessor.determineCandidateConstructors(AutowiredAnnotationBeanPostProcessor.java:379)
	... 38 common frames omitted
Caused by: java.lang.ClassNotFoundException: ExpenseRepository
	at java.base/jdk.internal.loader.BuiltinClassLoader.loadClass(BuiltinClassLoader.java:641)
	at java.base/jdk.internal.loader.ClassLoaders$AppClassLoader.loadClass(ClassLoaders.java:188)
	at java.base/java.lang.ClassLoader.loadClass(ClassLoader.java:525)
	at java.base/java.lang.Class.forName0(Native Method)
	at java.base/java.lang.Class.forName(Class.java:467)
	at org.springframework.boot.devtools.restart.classloader.RestartClassLoader.loadClass(RestartClassLoader.java:121)
	at java.base/java.lang.ClassLoader.loadClass(ClassLoader.java:525)
	... 42 common frames omitted
2025-11-14 13:10:03.540 INFO  c.e.h.HouseholdBookApplication - Starting HouseholdBookApplication using Java 17.0.10 with PID 2735 (/Applications/Eclipse_2023-12.app/Contents/workspace/household-book/target/classes started by hidekiikeda in /Applications/Eclipse_2023-12.app/Contents/workspace/household-book)
2025-11-14 13:10:03.540 INFO  c.e.h.HouseholdBookApplication - No active profile set, falling back to 1 default profile: "default"
2025-11-14 13:10:03.708 INFO  o.a.catalina.core.StandardService - Starting service [Tomcat]
2025-11-14 13:10:03.709 INFO  o.a.catalina.core.StandardEngine - Starting Servlet engine: [Apache Tomcat/10.1.48]
2025-11-14 13:10:03.716 INFO  o.a.c.c.C.[Tomcat-1].[localhost].[/] - Initializing Spring embedded WebApplicationContext
2025-11-14 13:10:03.744 INFO  com.zaxxer.hikari.HikariDataSource - HikariPool-13 - Starting...
2025-11-14 13:10:03.830 INFO  com.zaxxer.hikari.pool.HikariPool - HikariPool-13 - Added connection oracle.jdbc.driver.T4CConnection@7fc9028b
2025-11-14 13:10:03.830 INFO  com.zaxxer.hikari.HikariDataSource - HikariPool-13 - Start completed.
2025-11-14 13:10:03.835 WARN  org.hibernate.orm.deprecation - HHH90000025: OracleDialect does not need to be specified explicitly using 'hibernate.dialect' (remove the property setting and it will be selected by default)
2025-11-14 13:10:20.044 WARN  o.s.b.a.o.j.JpaBaseConfiguration$JpaWebConfiguration - spring.jpa.open-in-view is enabled by default. Therefore, database queries may be performed during view rendering. Explicitly configure spring.jpa.open-in-view to disable this warning
2025-11-14 13:10:20.083 WARN  o.s.b.a.t.ThymeleafAutoConfiguration$DefaultTemplateResolverConfiguration - Cannot find template location: classpath:/templates/ (please add some templates, check your Thymeleaf configuration, or set spring.thymeleaf.check-template-location=false)
2025-11-14 13:10:20.119 INFO  c.e.h.HouseholdBookApplication - Started HouseholdBookApplication in 16.598 seconds (process running for 4934.965)
2025-11-14 13:12:05.174 INFO  com.zaxxer.hikari.HikariDataSource - HikariPool-13 - Shutdown initiated...
2025-11-14 13:12:05.196 INFO  com.zaxxer.hikari.HikariDataSource - HikariPool-13 - Shutdown completed.
2025-11-14 13:12:05.260 INFO  c.e.h.HouseholdBookApplication - Starting HouseholdBookApplication using Java 17.0.10 with PID 2735 (/Applications/Eclipse_2023-12.app/Contents/workspace/household-book/target/classes started by hidekiikeda in /Applications/Eclipse_2023-12.app/Contents/workspace/household-book)
2025-11-14 13:12:05.260 INFO  c.e.h.HouseholdBookApplication - No active profile set, falling back to 1 default profile: "default"
2025-11-14 13:12:05.399 INFO  o.a.catalina.core.StandardService - Starting service [Tomcat]
2025-11-14 13:12:05.399 INFO  o.a.catalina.core.StandardEngine - Starting Servlet engine: [Apache Tomcat/10.1.48]
2025-11-14 13:12:05.407 INFO  o.a.c.c.C.[Tomcat-1].[localhost].[/] - Initializing Spring embedded WebApplicationContext
2025-11-14 13:12:05.436 INFO  com.zaxxer.hikari.HikariDataSource - HikariPool-14 - Starting...
2025-11-14 13:12:05.523 INFO  com.zaxxer.hikari.pool.HikariPool - HikariPool-14 - Added connection oracle.jdbc.driver.T4CConnection@14c0b870
2025-11-14 13:12:05.523 INFO  com.zaxxer.hikari.HikariDataSource - HikariPool-14 - Start completed.
2025-11-14 13:12:05.530 WARN  org.hibernate.orm.deprecation - HHH90000025: OracleDialect does not need to be specified explicitly using 'hibernate.dialect' (remove the property setting and it will be selected by default)
2025-11-14 13:12:21.908 WARN  o.s.b.a.o.j.JpaBaseConfiguration$JpaWebConfiguration - spring.jpa.open-in-view is enabled by default. Therefore, database queries may be performed during view rendering. Explicitly configure spring.jpa.open-in-view to disable this warning
2025-11-14 13:12:21.951 WARN  o.s.b.a.t.ThymeleafAutoConfiguration$DefaultTemplateResolverConfiguration - Cannot find template location: classpath:/templates/ (please add some templates, check your Thymeleaf configuration, or set spring.thymeleaf.check-template-location=false)
2025-11-14 13:12:21.988 INFO  c.e.h.HouseholdBookApplication - Started HouseholdBookApplication in 16.746 seconds (process running for 5056.832)
2025-11-14 13:12:23.396 INFO  com.zaxxer.hikari.HikariDataSource - HikariPool-14 - Shutdown initiated...
2025-11-14 13:12:23.421 INFO  com.zaxxer.hikari.HikariDataSource - HikariPool-14 - Shutdown completed.
2025-11-14 13:12:23.483 INFO  c.e.h.HouseholdBookApplication - Starting HouseholdBookApplication using Java 17.0.10 with PID 2735 (/Applications/Eclipse_2023-12.app/Contents/workspace/household-book/target/classes started by hidekiikeda in /Applications/Eclipse_2023-12.app/Contents/workspace/household-book)
2025-11-14 13:12:23.483 INFO  c.e.h.HouseholdBookApplication - No active profile set, falling back to 1 default profile: "default"
2025-11-14 13:12:23.627 INFO  o.a.catalina.core.StandardService - Starting service [Tomcat]
2025-11-14 13:12:23.627 INFO  o.a.catalina.core.StandardEngine - Starting Servlet engine: [Apache Tomcat/10.1.48]
2025-11-14 13:12:23.634 INFO  o.a.c.c.C.[Tomcat-1].[localhost].[/] - Initializing Spring embedded WebApplicationContext
2025-11-14 13:12:23.664 INFO  com.zaxxer.hikari.HikariDataSource - HikariPool-15 - Starting...
2025-11-14 13:12:23.752 INFO  com.zaxxer.hikari.pool.HikariPool - HikariPool-15 - Added connection oracle.jdbc.driver.T4CConnection@6ff376f3
2025-11-14 13:12:23.752 INFO  com.zaxxer.hikari.HikariDataSource - HikariPool-15 - Start completed.
2025-11-14 13:12:23.759 WARN  org.hibernate.orm.deprecation - HHH90000025: OracleDialect does not need to be specified explicitly using 'hibernate.dialect' (remove the property setting and it will be selected by default)
2025-11-14 13:12:39.891 WARN  o.s.b.a.o.j.JpaBaseConfiguration$JpaWebConfiguration - spring.jpa.open-in-view is enabled by default. Therefore, database queries may be performed during view rendering. Explicitly configure spring.jpa.open-in-view to disable this warning
2025-11-14 13:12:39.931 WARN  o.s.b.a.t.ThymeleafAutoConfiguration$DefaultTemplateResolverConfiguration - Cannot find template location: classpath:/templates/ (please add some templates, check your Thymeleaf configuration, or set spring.thymeleaf.check-template-location=false)
2025-11-14 13:12:39.973 INFO  c.e.h.HouseholdBookApplication - Started HouseholdBookApplication in 16.507 seconds (process running for 5074.817)
2025-11-14 13:14:28.961 INFO  com.zaxxer.hikari.HikariDataSource - HikariPool-15 - Shutdown initiated...
2025-11-14 13:14:28.983 INFO  com.zaxxer.hikari.HikariDataSource - HikariPool-15 - Shutdown completed.
2025-11-14 13:14:29.045 INFO  c.e.h.HouseholdBookApplication - Starting HouseholdBookApplication using Java 17.0.10 with PID 2735 (/Applications/Eclipse_2023-12.app/Contents/workspace/household-book/target/classes started by hidekiikeda in /Applications/Eclipse_2023-12.app/Contents/workspace/household-book)
2025-11-14 13:14:29.045 INFO  c.e.h.HouseholdBookApplication - No active profile set, falling back to 1 default profile: "default"
2025-11-14 13:14:29.210 INFO  o.a.catalina.core.StandardService - Starting service [Tomcat]
2025-11-14 13:14:29.211 INFO  o.a.catalina.core.StandardEngine - Starting Servlet engine: [Apache Tomcat/10.1.48]
2025-11-14 13:14:29.218 INFO  o.a.c.c.C.[Tomcat-1].[localhost].[/] - Initializing Spring embedded WebApplicationContext
2025-11-14 13:14:29.244 INFO  com.zaxxer.hikari.HikariDataSource - HikariPool-16 - Starting...
2025-11-14 13:14:29.330 INFO  com.zaxxer.hikari.pool.HikariPool - HikariPool-16 - Added connection oracle.jdbc.driver.T4CConnection@1cc82525
2025-11-14 13:14:29.330 INFO  com.zaxxer.hikari.HikariDataSource - HikariPool-16 - Start completed.
2025-11-14 13:14:29.335 WARN  org.hibernate.orm.deprecation - HHH90000025: OracleDialect does not need to be specified explicitly using 'hibernate.dialect' (remove the property setting and it will be selected by default)
2025-11-14 13:14:45.458 WARN  o.s.b.a.o.j.JpaBaseConfiguration$JpaWebConfiguration - spring.jpa.open-in-view is enabled by default. Therefore, database queries may be performed during view rendering. Explicitly configure spring.jpa.open-in-view to disable this warning
2025-11-14 13:14:45.498 WARN  o.s.b.a.t.ThymeleafAutoConfiguration$DefaultTemplateResolverConfiguration - Cannot find template location: classpath:/templates/ (please add some templates, check your Thymeleaf configuration, or set spring.thymeleaf.check-template-location=false)
2025-11-14 13:14:45.537 INFO  c.e.h.HouseholdBookApplication - Started HouseholdBookApplication in 16.51 seconds (process running for 5200.379)
2025-11-14 13:15:04.042 INFO  com.zaxxer.hikari.HikariDataSource - HikariPool-16 - Shutdown initiated...
2025-11-14 13:15:04.062 INFO  com.zaxxer.hikari.HikariDataSource - HikariPool-16 - Shutdown completed.
2025-11-14 13:15:04.129 INFO  c.e.h.HouseholdBookApplication - Starting HouseholdBookApplication using Java 17.0.10 with PID 2735 (/Applications/Eclipse_2023-12.app/Contents/workspace/household-book/target/classes started by hidekiikeda in /Applications/Eclipse_2023-12.app/Contents/workspace/household-book)
2025-11-14 13:15:04.129 INFO  c.e.h.HouseholdBookApplication - No active profile set, falling back to 1 default profile: "default"
2025-11-14 13:15:04.276 INFO  o.a.catalina.core.StandardService - Starting service [Tomcat]
2025-11-14 13:15:04.276 INFO  o.a.catalina.core.StandardEngine - Starting Servlet engine: [Apache Tomcat/10.1.48]
2025-11-14 13:15:04.283 INFO  o.a.c.c.C.[Tomcat-1].[localhost].[/] - Initializing Spring embedded WebApplicationContext
2025-11-14 13:15:04.310 INFO  com.zaxxer.hikari.HikariDataSource - HikariPool-17 - Starting...
2025-11-14 13:15:04.396 INFO  com.zaxxer.hikari.pool.HikariPool - HikariPool-17 - Added connection oracle.jdbc.driver.T4CConnection@5f79abc6
2025-11-14 13:15:04.396 INFO  com.zaxxer.hikari.HikariDataSource - HikariPool-17 - Start completed.
2025-11-14 13:15:04.403 WARN  org.hibernate.orm.deprecation - HHH90000025: OracleDialect does not need to be specified explicitly using 'hibernate.dialect' (remove the property setting and it will be selected by default)
2025-11-14 13:15:20.976 WARN  o.s.b.a.o.j.JpaBaseConfiguration$JpaWebConfiguration - spring.jpa.open-in-view is enabled by default. Therefore, database queries may be performed during view rendering. Explicitly configure spring.jpa.open-in-view to disable this warning
2025-11-14 13:15:21.019 WARN  o.s.b.a.t.ThymeleafAutoConfiguration$DefaultTemplateResolverConfiguration - Cannot find template location: classpath:/templates/ (please add some templates, check your Thymeleaf configuration, or set spring.thymeleaf.check-template-location=false)
2025-11-14 13:15:21.059 INFO  c.e.h.HouseholdBookApplication - Started HouseholdBookApplication in 16.95 seconds (process running for 5235.901)
2025-11-14 13:15:34.541 INFO  com.zaxxer.hikari.HikariDataSource - HikariPool-17 - Shutdown initiated...
2025-11-14 13:15:34.564 INFO  com.zaxxer.hikari.HikariDataSource - HikariPool-17 - Shutdown completed.
2025-11-14 13:15:34.631 INFO  c.e.h.HouseholdBookApplication - Starting HouseholdBookApplication using Java 17.0.10 with PID 2735 (/Applications/Eclipse_2023-12.app/Contents/workspace/household-book/target/classes started by hidekiikeda in /Applications/Eclipse_2023-12.app/Contents/workspace/household-book)
2025-11-14 13:15:34.631 INFO  c.e.h.HouseholdBookApplication - No active profile set, falling back to 1 default profile: "default"
2025-11-14 13:15:34.792 INFO  o.a.catalina.core.StandardService - Starting service [Tomcat]
2025-11-14 13:15:34.792 INFO  o.a.catalina.core.StandardEngine - Starting Servlet engine: [Apache Tomcat/10.1.48]
2025-11-14 13:15:34.799 INFO  o.a.c.c.C.[Tomcat-1].[localhost].[/] - Initializing Spring embedded WebApplicationContext
2025-11-14 13:15:34.838 INFO  com.zaxxer.hikari.HikariDataSource - HikariPool-18 - Starting...
2025-11-14 13:15:34.927 INFO  com.zaxxer.hikari.pool.HikariPool - HikariPool-18 - Added connection oracle.jdbc.driver.T4CConnection@161b4d78
2025-11-14 13:15:34.927 INFO  com.zaxxer.hikari.HikariDataSource - HikariPool-18 - Start completed.
2025-11-14 13:15:34.933 WARN  org.hibernate.orm.deprecation - HHH90000025: OracleDialect does not need to be specified explicitly using 'hibernate.dialect' (remove the property setting and it will be selected by default)
2025-11-14 13:15:51.270 WARN  o.s.b.a.o.j.JpaBaseConfiguration$JpaWebConfiguration - spring.jpa.open-in-view is enabled by default. Therefore, database queries may be performed during view rendering. Explicitly configure spring.jpa.open-in-view to disable this warning
2025-11-14 13:15:51.308 WARN  o.s.b.a.t.ThymeleafAutoConfiguration$DefaultTemplateResolverConfiguration - Cannot find template location: classpath:/templates/ (please add some templates, check your Thymeleaf configuration, or set spring.thymeleaf.check-template-location=false)
2025-11-14 13:15:51.344 INFO  c.e.h.HouseholdBookApplication - Started HouseholdBookApplication in 16.732 seconds (process running for 5266.185)
2025-11-14 13:19:49.323 INFO  com.zaxxer.hikari.HikariDataSource - HikariPool-18 - Shutdown initiated...
2025-11-14 13:19:49.349 INFO  com.zaxxer.hikari.HikariDataSource - HikariPool-18 - Shutdown completed.
2025-11-14 13:19:49.417 INFO  c.e.h.HouseholdBookApplication - Starting HouseholdBookApplication using Java 17.0.10 with PID 2735 (/Applications/Eclipse_2023-12.app/Contents/workspace/household-book/target/classes started by hidekiikeda in /Applications/Eclipse_2023-12.app/Contents/workspace/household-book)
2025-11-14 13:19:49.417 INFO  c.e.h.HouseholdBookApplication - No active profile set, falling back to 1 default profile: "default"
2025-11-14 13:19:49.566 INFO  o.a.catalina.core.StandardService - Starting service [Tomcat]
2025-11-14 13:19:49.566 INFO  o.a.catalina.core.StandardEngine - Starting Servlet engine: [Apache Tomcat/10.1.48]
2025-11-14 13:19:49.574 INFO  o.a.c.c.C.[Tomcat-1].[localhost].[/] - Initializing Spring embedded WebApplicationContext
2025-11-14 13:19:49.604 INFO  com.zaxxer.hikari.HikariDataSource - HikariPool-19 - Starting...
2025-11-14 13:19:49.691 INFO  com.zaxxer.hikari.pool.HikariPool - HikariPool-19 - Added connection oracle.jdbc.driver.T4CConnection@233d7a63
2025-11-14 13:19:49.691 INFO  com.zaxxer.hikari.HikariDataSource - HikariPool-19 - Start completed.
2025-11-14 13:19:49.697 WARN  org.hibernate.orm.deprecation - HHH90000025: OracleDialect does not need to be specified explicitly using 'hibernate.dialect' (remove the property setting and it will be selected by default)
2025-11-14 13:20:06.551 WARN  o.s.b.a.o.j.JpaBaseConfiguration$JpaWebConfiguration - spring.jpa.open-in-view is enabled by default. Therefore, database queries may be performed during view rendering. Explicitly configure spring.jpa.open-in-view to disable this warning
2025-11-14 13:20:06.598 WARN  o.s.b.a.t.ThymeleafAutoConfiguration$DefaultTemplateResolverConfiguration - Cannot find template location: classpath:/templates/ (please add some templates, check your Thymeleaf configuration, or set spring.thymeleaf.check-template-location=false)
2025-11-14 13:20:06.653 INFO  c.e.h.HouseholdBookApplication - Started HouseholdBookApplication in 17.255 seconds (process running for 5521.425)
2025-11-14 13:20:14.106 INFO  com.zaxxer.hikari.HikariDataSource - HikariPool-19 - Shutdown initiated...
2025-11-14 13:20:14.129 INFO  com.zaxxer.hikari.HikariDataSource - HikariPool-19 - Shutdown completed.
2025-11-14 13:20:14.189 INFO  c.e.h.HouseholdBookApplication - Starting HouseholdBookApplication using Java 17.0.10 with PID 2735 (/Applications/Eclipse_2023-12.app/Contents/workspace/household-book/target/classes started by hidekiikeda in /Applications/Eclipse_2023-12.app/Contents/workspace/household-book)
2025-11-14 13:20:14.189 INFO  c.e.h.HouseholdBookApplication - No active profile set, falling back to 1 default profile: "default"
2025-11-14 13:20:14.332 INFO  o.a.catalina.core.StandardService - Starting service [Tomcat]
2025-11-14 13:20:14.333 INFO  o.a.catalina.core.StandardEngine - Starting Servlet engine: [Apache Tomcat/10.1.48]
2025-11-14 13:20:14.339 INFO  o.a.c.c.C.[Tomcat-1].[localhost].[/] - Initializing Spring embedded WebApplicationContext
2025-11-14 13:20:14.366 INFO  com.zaxxer.hikari.HikariDataSource - HikariPool-20 - Starting...
2025-11-14 13:20:14.454 INFO  com.zaxxer.hikari.pool.HikariPool - HikariPool-20 - Added connection oracle.jdbc.driver.T4CConnection@81c8cf9
2025-11-14 13:20:14.454 INFO  com.zaxxer.hikari.HikariDataSource - HikariPool-20 - Start completed.
2025-11-14 13:20:14.459 WARN  org.hibernate.orm.deprecation - HHH90000025: OracleDialect does not need to be specified explicitly using 'hibernate.dialect' (remove the property setting and it will be selected by default)
2025-11-14 13:20:30.900 WARN  o.s.b.a.o.j.JpaBaseConfiguration$JpaWebConfiguration - spring.jpa.open-in-view is enabled by default. Therefore, database queries may be performed during view rendering. Explicitly configure spring.jpa.open-in-view to disable this warning
2025-11-14 13:20:30.939 WARN  o.s.b.a.t.ThymeleafAutoConfiguration$DefaultTemplateResolverConfiguration - Cannot find template location: classpath:/templates/ (please add some templates, check your Thymeleaf configuration, or set spring.thymeleaf.check-template-location=false)
2025-11-14 13:20:30.977 INFO  c.e.h.HouseholdBookApplication - Started HouseholdBookApplication in 16.804 seconds (process running for 5545.749)
2025-11-14 13:20:48.471 INFO  com.zaxxer.hikari.HikariDataSource - HikariPool-20 - Shutdown initiated...
2025-11-14 13:20:48.497 INFO  com.zaxxer.hikari.HikariDataSource - HikariPool-20 - Shutdown completed.
2025-11-14 13:20:48.569 INFO  c.e.h.HouseholdBookApplication - Starting HouseholdBookApplication using Java 17.0.10 with PID 2735 (/Applications/Eclipse_2023-12.app/Contents/workspace/household-book/target/classes started by hidekiikeda in /Applications/Eclipse_2023-12.app/Contents/workspace/household-book)
2025-11-14 13:20:48.569 INFO  c.e.h.HouseholdBookApplication - No active profile set, falling back to 1 default profile: "default"
2025-11-14 13:20:48.707 INFO  o.a.catalina.core.StandardService - Starting service [Tomcat]
2025-11-14 13:20:48.707 INFO  o.a.catalina.core.StandardEngine - Starting Servlet engine: [Apache Tomcat/10.1.48]
2025-11-14 13:20:48.714 INFO  o.a.c.c.C.[Tomcat-1].[localhost].[/] - Initializing Spring embedded WebApplicationContext
2025-11-14 13:20:48.741 INFO  com.zaxxer.hikari.HikariDataSource - HikariPool-21 - Starting...
2025-11-14 13:20:48.824 INFO  com.zaxxer.hikari.pool.HikariPool - HikariPool-21 - Added connection oracle.jdbc.driver.T4CConnection@4e65c467
2025-11-14 13:20:48.824 INFO  com.zaxxer.hikari.HikariDataSource - HikariPool-21 - Start completed.
2025-11-14 13:20:48.831 WARN  org.hibernate.orm.deprecation - HHH90000025: OracleDialect does not need to be specified explicitly using 'hibernate.dialect' (remove the property setting and it will be selected by default)
2025-11-14 13:21:05.894 WARN  o.s.b.a.o.j.JpaBaseConfiguration$JpaWebConfiguration - spring.jpa.open-in-view is enabled by default. Therefore, database queries may be performed during view rendering. Explicitly configure spring.jpa.open-in-view to disable this warning
2025-11-14 13:21:05.939 WARN  o.s.b.a.t.ThymeleafAutoConfiguration$DefaultTemplateResolverConfiguration - Cannot find template location: classpath:/templates/ (please add some templates, check your Thymeleaf configuration, or set spring.thymeleaf.check-template-location=false)
2025-11-14 13:21:05.977 INFO  c.e.h.HouseholdBookApplication - Started HouseholdBookApplication in 17.425 seconds (process running for 5580.747)
2025-11-14 13:21:11.412 INFO  com.zaxxer.hikari.HikariDataSource - HikariPool-21 - Shutdown initiated...
2025-11-14 13:21:11.436 INFO  com.zaxxer.hikari.HikariDataSource - HikariPool-21 - Shutdown completed.
2025-11-14 13:21:11.504 INFO  c.e.h.HouseholdBookApplication - Starting HouseholdBookApplication using Java 17.0.10 with PID 2735 (/Applications/Eclipse_2023-12.app/Contents/workspace/household-book/target/classes started by hidekiikeda in /Applications/Eclipse_2023-12.app/Contents/workspace/household-book)
2025-11-14 13:21:11.505 INFO  c.e.h.HouseholdBookApplication - No active profile set, falling back to 1 default profile: "default"
2025-11-14 13:21:11.666 INFO  o.a.catalina.core.StandardService - Starting service [Tomcat]
2025-11-14 13:21:11.666 INFO  o.a.catalina.core.StandardEngine - Starting Servlet engine: [Apache Tomcat/10.1.48]
2025-11-14 13:21:11.673 INFO  o.a.c.c.C.[Tomcat-1].[localhost].[/] - Initializing Spring embedded WebApplicationContext
2025-11-14 13:21:11.700 INFO  com.zaxxer.hikari.HikariDataSource - HikariPool-22 - Starting...
2025-11-14 13:21:11.786 INFO  com.zaxxer.hikari.pool.HikariPool - HikariPool-22 - Added connection oracle.jdbc.driver.T4CConnection@a4f2a84
2025-11-14 13:21:11.786 INFO  com.zaxxer.hikari.HikariDataSource - HikariPool-22 - Start completed.
2025-11-14 13:21:11.793 WARN  org.hibernate.orm.deprecation - HHH90000025: OracleDialect does not need to be specified explicitly using 'hibernate.dialect' (remove the property setting and it will be selected by default)
2025-11-14 13:21:27.950 WARN  o.s.b.a.o.j.JpaBaseConfiguration$JpaWebConfiguration - spring.jpa.open-in-view is enabled by default. Therefore, database queries may be performed during view rendering. Explicitly configure spring.jpa.open-in-view to disable this warning
2025-11-14 13:21:27.988 WARN  o.s.b.a.t.ThymeleafAutoConfiguration$DefaultTemplateResolverConfiguration - Cannot find template location: classpath:/templates/ (please add some templates, check your Thymeleaf configuration, or set spring.thymeleaf.check-template-location=false)
2025-11-14 13:21:28.025 INFO  c.e.h.HouseholdBookApplication - Started HouseholdBookApplication in 16.539 seconds (process running for 5602.794)
2025-11-14 13:21:48.556 INFO  com.zaxxer.hikari.HikariDataSource - HikariPool-22 - Shutdown initiated...
2025-11-14 13:21:48.581 INFO  com.zaxxer.hikari.HikariDataSource - HikariPool-22 - Shutdown completed.
2025-11-14 13:21:48.652 INFO  c.e.h.HouseholdBookApplication - Starting HouseholdBookApplication using Java 17.0.10 with PID 2735 (/Applications/Eclipse_2023-12.app/Contents/workspace/household-book/target/classes started by hidekiikeda in /Applications/Eclipse_2023-12.app/Contents/workspace/household-book)
2025-11-14 13:21:48.653 INFO  c.e.h.HouseholdBookApplication - No active profile set, falling back to 1 default profile: "default"
2025-11-14 13:21:48.797 INFO  o.a.catalina.core.StandardService - Starting service [Tomcat]
2025-11-14 13:21:48.797 INFO  o.a.catalina.core.StandardEngine - Starting Servlet engine: [Apache Tomcat/10.1.48]
2025-11-14 13:21:48.804 INFO  o.a.c.c.C.[Tomcat-1].[localhost].[/] - Initializing Spring embedded WebApplicationContext
2025-11-14 13:21:48.829 INFO  com.zaxxer.hikari.HikariDataSource - HikariPool-23 - Starting...
2025-11-14 13:21:48.911 INFO  com.zaxxer.hikari.pool.HikariPool - HikariPool-23 - Added connection oracle.jdbc.driver.T4CConnection@7b9a07a3
2025-11-14 13:21:48.911 INFO  com.zaxxer.hikari.HikariDataSource - HikariPool-23 - Start completed.
2025-11-14 13:21:48.917 WARN  org.hibernate.orm.deprecation - HHH90000025: OracleDialect does not need to be specified explicitly using 'hibernate.dialect' (remove the property setting and it will be selected by default)
2025-11-14 13:22:06.093 WARN  o.s.b.a.o.j.JpaBaseConfiguration$JpaWebConfiguration - spring.jpa.open-in-view is enabled by default. Therefore, database queries may be performed during view rendering. Explicitly configure spring.jpa.open-in-view to disable this warning
2025-11-14 13:22:06.132 WARN  o.s.b.a.t.ThymeleafAutoConfiguration$DefaultTemplateResolverConfiguration - Cannot find template location: classpath:/templates/ (please add some templates, check your Thymeleaf configuration, or set spring.thymeleaf.check-template-location=false)
2025-11-14 13:22:06.170 INFO  c.e.h.HouseholdBookApplication - Started HouseholdBookApplication in 17.535 seconds (process running for 5640.939)
2025-11-14 13:22:08.587 INFO  com.zaxxer.hikari.HikariDataSource - HikariPool-23 - Shutdown initiated...
2025-11-14 13:22:08.613 INFO  com.zaxxer.hikari.HikariDataSource - HikariPool-23 - Shutdown completed.
2025-11-14 13:22:08.681 INFO  c.e.h.HouseholdBookApplication - Starting HouseholdBookApplication using Java 17.0.10 with PID 2735 (/Applications/Eclipse_2023-12.app/Contents/workspace/household-book/target/classes started by hidekiikeda in /Applications/Eclipse_2023-12.app/Contents/workspace/household-book)
2025-11-14 13:22:08.681 INFO  c.e.h.HouseholdBookApplication - No active profile set, falling back to 1 default profile: "default"
2025-11-14 13:22:08.827 INFO  o.a.catalina.core.StandardService - Starting service [Tomcat]
2025-11-14 13:22:08.827 INFO  o.a.catalina.core.StandardEngine - Starting Servlet engine: [Apache Tomcat/10.1.48]
2025-11-14 13:22:08.835 INFO  o.a.c.c.C.[Tomcat-1].[localhost].[/] - Initializing Spring embedded WebApplicationContext
2025-11-14 13:22:08.859 INFO  com.zaxxer.hikari.HikariDataSource - HikariPool-24 - Starting...
2025-11-14 13:22:08.946 INFO  com.zaxxer.hikari.pool.HikariPool - HikariPool-24 - Added connection oracle.jdbc.driver.T4CConnection@2776754d
2025-11-14 13:22:08.946 INFO  com.zaxxer.hikari.HikariDataSource - HikariPool-24 - Start completed.
2025-11-14 13:22:08.951 WARN  org.hibernate.orm.deprecation - HHH90000025: OracleDialect does not need to be specified explicitly using 'hibernate.dialect' (remove the property setting and it will be selected by default)
2025-11-14 13:22:25.505 WARN  o.s.b.a.o.j.JpaBaseConfiguration$JpaWebConfiguration - spring.jpa.open-in-view is enabled by default. Therefore, database queries may be performed during view rendering. Explicitly configure spring.jpa.open-in-view to disable this warning
2025-11-14 13:22:25.550 WARN  o.s.b.a.t.ThymeleafAutoConfiguration$DefaultTemplateResolverConfiguration - Cannot find template location: classpath:/templates/ (please add some templates, check your Thymeleaf configuration, or set spring.thymeleaf.check-template-location=false)
2025-11-14 13:22:25.591 INFO  c.e.h.HouseholdBookApplication - Started HouseholdBookApplication in 16.927 seconds (process running for 5660.359)
2025-11-14 13:29:28.484 INFO  com.zaxxer.hikari.HikariDataSource - HikariPool-24 - Shutdown initiated...
2025-11-14 13:29:28.528 INFO  com.zaxxer.hikari.HikariDataSource - HikariPool-24 - Shutdown completed.
2025-11-14 13:29:28.613 INFO  c.e.h.HouseholdBookApplication - Starting HouseholdBookApplication using Java 17.0.10 with PID 2735 (/Applications/Eclipse_2023-12.app/Contents/workspace/household-book/target/classes started by hidekiikeda in /Applications/Eclipse_2023-12.app/Contents/workspace/household-book)
2025-11-14 13:29:28.613 INFO  c.e.h.HouseholdBookApplication - No active profile set, falling back to 1 default profile: "default"
2025-11-14 13:29:28.822 INFO  o.a.catalina.core.StandardService - Starting service [Tomcat]
2025-11-14 13:29:28.822 INFO  o.a.catalina.core.StandardEngine - Starting Servlet engine: [Apache Tomcat/10.1.48]
2025-11-14 13:29:28.829 INFO  o.a.c.c.C.[Tomcat-1].[localhost].[/] - Initializing Spring embedded WebApplicationContext
2025-11-14 13:29:28.863 INFO  com.zaxxer.hikari.HikariDataSource - HikariPool-25 - Starting...
2025-11-14 13:29:28.956 INFO  com.zaxxer.hikari.pool.HikariPool - HikariPool-25 - Added connection oracle.jdbc.driver.T4CConnection@56651007
2025-11-14 13:29:28.956 INFO  com.zaxxer.hikari.HikariDataSource - HikariPool-25 - Start completed.
2025-11-14 13:29:28.962 WARN  org.hibernate.orm.deprecation - HHH90000025: OracleDialect does not need to be specified explicitly using 'hibernate.dialect' (remove the property setting and it will be selected by default)
2025-11-14 13:29:45.786 WARN  o.s.b.a.o.j.JpaBaseConfiguration$JpaWebConfiguration - spring.jpa.open-in-view is enabled by default. Therefore, database queries may be performed during view rendering. Explicitly configure spring.jpa.open-in-view to disable this warning
2025-11-14 13:29:45.832 WARN  o.s.b.a.t.ThymeleafAutoConfiguration$DefaultTemplateResolverConfiguration - Cannot find template location: classpath:/templates/ (please add some templates, check your Thymeleaf configuration, or set spring.thymeleaf.check-template-location=false)
2025-11-14 13:29:45.873 INFO  c.e.h.HouseholdBookApplication - Started HouseholdBookApplication in 17.285 seconds (process running for 6100.628)
2025-11-14 14:03:45.618 INFO  com.zaxxer.hikari.HikariDataSource - HikariPool-25 - Shutdown initiated...
2025-11-14 14:03:45.641 INFO  com.zaxxer.hikari.HikariDataSource - HikariPool-25 - Shutdown completed.
2025-11-14 14:03:45.706 INFO  c.e.h.HouseholdBookApplication - Starting HouseholdBookApplication using Java 17.0.10 with PID 2735 (/Applications/Eclipse_2023-12.app/Contents/workspace/household-book/target/classes started by hidekiikeda in /Applications/Eclipse_2023-12.app/Contents/workspace/household-book)
2025-11-14 14:03:45.706 INFO  c.e.h.HouseholdBookApplication - No active profile set, falling back to 1 default profile: "default"
2025-11-14 14:03:45.875 INFO  o.a.catalina.core.StandardService - Starting service [Tomcat]
2025-11-14 14:03:45.875 INFO  o.a.catalina.core.StandardEngine - Starting Servlet engine: [Apache Tomcat/10.1.48]
2025-11-14 14:03:45.882 INFO  o.a.c.c.C.[Tomcat-1].[localhost].[/] - Initializing Spring embedded WebApplicationContext
2025-11-14 14:03:45.911 INFO  com.zaxxer.hikari.HikariDataSource - HikariPool-26 - Starting...
2025-11-14 14:03:45.997 INFO  com.zaxxer.hikari.pool.HikariPool - HikariPool-26 - Added connection oracle.jdbc.driver.T4CConnection@5e87277c
2025-11-14 14:03:45.997 INFO  com.zaxxer.hikari.HikariDataSource - HikariPool-26 - Start completed.
2025-11-14 14:03:46.005 WARN  org.hibernate.orm.deprecation - HHH90000025: OracleDialect does not need to be specified explicitly using 'hibernate.dialect' (remove the property setting and it will be selected by default)
2025-11-14 14:04:02.590 WARN  o.s.b.a.o.j.JpaBaseConfiguration$JpaWebConfiguration - spring.jpa.open-in-view is enabled by default. Therefore, database queries may be performed during view rendering. Explicitly configure spring.jpa.open-in-view to disable this warning
2025-11-14 14:04:02.633 WARN  o.s.b.a.t.ThymeleafAutoConfiguration$DefaultTemplateResolverConfiguration - Cannot find template location: classpath:/templates/ (please add some templates, check your Thymeleaf configuration, or set spring.thymeleaf.check-template-location=false)
2025-11-14 14:04:02.676 INFO  c.e.h.HouseholdBookApplication - Started HouseholdBookApplication in 16.988 seconds (process running for 8157.464)
2025-11-26 09:00:32.521 INFO  c.e.h.HouseholdBookApplication - Starting HouseholdBookApplication using Java 17.0.10 with PID 30057 (/Users/hidekiikeda/workspace/household-book/target/classes started by hidekiikeda in /Users/hidekiikeda/workspace/household-book)
2025-11-26 09:00:32.521 INFO  c.e.h.HouseholdBookApplication - No active profile set, falling back to 1 default profile: "default"
2025-11-26 09:00:33.293 INFO  o.a.catalina.core.StandardService - Starting service [Tomcat]
2025-11-26 09:00:33.293 INFO  o.a.catalina.core.StandardEngine - Starting Servlet engine: [Apache Tomcat/10.1.48]
2025-11-26 09:00:33.304 INFO  o.a.c.c.C.[Tomcat-7].[localhost].[/] - Initializing Spring embedded WebApplicationContext
2025-11-26 09:00:33.472 INFO  com.zaxxer.hikari.HikariDataSource - HikariPool-20 - Starting...
2025-11-26 09:00:33.544 INFO  com.zaxxer.hikari.pool.HikariPool - HikariPool-20 - Added connection oracle.jdbc.driver.T4CConnection@22dd4e31
2025-11-26 09:00:33.544 INFO  com.zaxxer.hikari.HikariDataSource - HikariPool-20 - Start completed.
2025-11-26 09:00:33.551 WARN  org.hibernate.orm.deprecation - HHH90000025: OracleDialect does not need to be specified explicitly using 'hibernate.dialect' (remove the property setting and it will be selected by default)
2025-11-26 09:00:33.752 WARN  o.s.b.a.o.j.JpaBaseConfiguration$JpaWebConfiguration - spring.jpa.open-in-view is enabled by default. Therefore, database queries may be performed during view rendering. Explicitly configure spring.jpa.open-in-view to disable this warning
2025-11-26 09:00:34.036 INFO  c.e.h.HouseholdBookApplication - Started HouseholdBookApplication in 1.534 seconds (process running for 21099.041)
2025-11-26 09:00:43.235 INFO  com.zaxxer.hikari.HikariDataSource - HikariPool-20 - Shutdown initiated...
2025-11-26 09:00:43.318 INFO  com.zaxxer.hikari.HikariDataSource - HikariPool-20 - Shutdown completed.
2025-11-26 09:00:43.420 INFO  c.e.h.HouseholdBookApplication - Starting HouseholdBookApplication using Java 17.0.10 with PID 30057 (/Users/hidekiikeda/workspace/household-book/target/classes started by hidekiikeda in /Users/hidekiikeda/workspace/household-book)
2025-11-26 09:00:43.420 INFO  c.e.h.HouseholdBookApplication - No active profile set, falling back to 1 default profile: "default"
2025-11-26 09:00:43.848 INFO  o.a.catalina.core.StandardService - Starting service [Tomcat]
2025-11-26 09:00:43.848 INFO  o.a.catalina.core.StandardEngine - Starting Servlet engine: [Apache Tomcat/10.1.48]
2025-11-26 09:00:43.860 INFO  o.a.c.c.C.[Tomcat-7].[localhost].[/] - Initializing Spring embedded WebApplicationContext
2025-11-26 09:00:43.948 INFO  com.zaxxer.hikari.HikariDataSource - HikariPool-21 - Starting...
2025-11-26 09:00:44.121 INFO  com.zaxxer.hikari.pool.HikariPool - HikariPool-21 - Added connection oracle.jdbc.driver.T4CConnection@57472e78
2025-11-26 09:00:44.121 INFO  com.zaxxer.hikari.HikariDataSource - HikariPool-21 - Start completed.
2025-11-26 09:00:44.131 WARN  org.hibernate.orm.deprecation - HHH90000025: OracleDialect does not need to be specified explicitly using 'hibernate.dialect' (remove the property setting and it will be selected by default)
2025-11-26 09:00:44.421 WARN  o.s.b.a.o.j.JpaBaseConfiguration$JpaWebConfiguration - spring.jpa.open-in-view is enabled by default. Therefore, database queries may be performed during view rendering. Explicitly configure spring.jpa.open-in-view to disable this warning
2025-11-26 09:00:44.560 INFO  c.e.h.HouseholdBookApplication - Started HouseholdBookApplication in 1.168 seconds (process running for 21109.564)
2025-11-26 09:00:45.948 INFO  com.zaxxer.hikari.HikariDataSource - HikariPool-21 - Shutdown initiated...
2025-11-26 09:00:46.077 INFO  com.zaxxer.hikari.HikariDataSource - HikariPool-21 - Shutdown completed.
2025-11-26 09:00:46.181 INFO  c.e.h.HouseholdBookApplication - Starting HouseholdBookApplication using Java 17.0.10 with PID 30057 (/Users/hidekiikeda/workspace/household-book/target/classes started by hidekiikeda in /Users/hidekiikeda/workspace/household-book)
2025-11-26 09:00:46.181 INFO  c.e.h.HouseholdBookApplication - No active profile set, falling back to 1 default profile: "default"
2025-11-26 09:00:46.510 INFO  o.a.catalina.core.StandardService - Starting service [Tomcat]
2025-11-26 09:00:46.511 INFO  o.a.catalina.core.StandardEngine - Starting Servlet engine: [Apache Tomcat/10.1.48]
2025-11-26 09:00:46.523 INFO  o.a.c.c.C.[Tomcat-7].[localhost].[/] - Initializing Spring embedded WebApplicationContext
2025-11-26 09:00:46.589 INFO  com.zaxxer.hikari.HikariDataSource - HikariPool-22 - Starting...
2025-11-26 09:00:47.605 WARN  o.h.e.jdbc.spi.SqlExceptionHelper - SQL Error: 12505, SQLState: 66000
2025-11-26 09:00:47.605 ERROR o.h.e.jdbc.spi.SqlExceptionHelper - ORA-12505: データベースに接続できません。SID ORCLCDBは、host localhost port 1521のリスナーに登録されていません。 (CONNECTION_ID=Mh0OmABER6iuzQkQvHiieA==)
https://docs.oracle.com/error-help/db/ora-12505/
2025-11-26 09:00:47.605 WARN  o.h.e.j.e.i.JdbcEnvironmentInitiator - HHH000342: Could not obtain connection to query metadata
org.hibernate.exception.GenericJDBCException: unable to obtain isolated JDBC connection [ORA-12505: データベースに接続できません。SID ORCLCDBは、host localhost port 1521のリスナーに登録されていません。 (CONNECTION_ID=Mh0OmABER6iuzQkQvHiieA==)
https://docs.oracle.com/error-help/db/ora-12505/] [n/a]
	at org.hibernate.exception.internal.StandardSQLExceptionConverter.convert(StandardSQLExceptionConverter.java:63)
	at org.hibernate.engine.jdbc.spi.SqlExceptionHelper.convert(SqlExceptionHelper.java:108)
	at org.hibernate.engine.jdbc.spi.SqlExceptionHelper.convert(SqlExceptionHelper.java:94)
	at org.hibernate.resource.transaction.backend.jdbc.internal.JdbcIsolationDelegate.delegateWork(JdbcIsolationDelegate.java:116)
	at org.hibernate.engine.jdbc.env.internal.JdbcEnvironmentInitiator.getJdbcEnvironmentUsingJdbcMetadata(JdbcEnvironmentInitiator.java:334)
	at org.hibernate.engine.jdbc.env.internal.JdbcEnvironmentInitiator.initiateService(JdbcEnvironmentInitiator.java:129)
	at org.hibernate.engine.jdbc.env.internal.JdbcEnvironmentInitiator.initiateService(JdbcEnvironmentInitiator.java:81)
	at org.hibernate.boot.registry.internal.StandardServiceRegistryImpl.initiateService(StandardServiceRegistryImpl.java:130)
	at org.hibernate.service.internal.AbstractServiceRegistryImpl.createService(AbstractServiceRegistryImpl.java:263)
	at org.hibernate.service.internal.AbstractServiceRegistryImpl.initializeService(AbstractServiceRegistryImpl.java:238)
	at org.hibernate.service.internal.AbstractServiceRegistryImpl.getService(AbstractServiceRegistryImpl.java:215)
	at org.hibernate.boot.model.relational.Database.<init>(Database.java:45)
	at org.hibernate.boot.internal.InFlightMetadataCollectorImpl.getDatabase(InFlightMetadataCollectorImpl.java:226)
	at org.hibernate.boot.internal.InFlightMetadataCollectorImpl.<init>(InFlightMetadataCollectorImpl.java:194)
	at org.hibernate.boot.model.process.spi.MetadataBuildingProcess.complete(MetadataBuildingProcess.java:171)
	at org.hibernate.jpa.boot.internal.EntityManagerFactoryBuilderImpl.metadata(EntityManagerFactoryBuilderImpl.java:1442)
	at org.hibernate.jpa.boot.internal.EntityManagerFactoryBuilderImpl.build(EntityManagerFactoryBuilderImpl.java:1513)
	at org.springframework.orm.jpa.vendor.SpringHibernateJpaPersistenceProvider.createContainerEntityManagerFactory(SpringHibernateJpaPersistenceProvider.java:66)
	at org.springframework.orm.jpa.LocalContainerEntityManagerFactoryBean.createNativeEntityManagerFactory(LocalContainerEntityManagerFactoryBean.java:390)
	at org.springframework.orm.jpa.AbstractEntityManagerFactoryBean.buildNativeEntityManagerFactory(AbstractEntityManagerFactoryBean.java:419)
	at org.springframework.orm.jpa.AbstractEntityManagerFactoryBean.afterPropertiesSet(AbstractEntityManagerFactoryBean.java:400)
	at org.springframework.orm.jpa.LocalContainerEntityManagerFactoryBean.afterPropertiesSet(LocalContainerEntityManagerFactoryBean.java:366)
	at org.springframework.beans.factory.support.AbstractAutowireCapableBeanFactory.invokeInitMethods(AbstractAutowireCapableBeanFactory.java:1873)
	at org.springframework.beans.factory.support.AbstractAutowireCapableBeanFactory.initializeBean(AbstractAutowireCapableBeanFactory.java:1822)
	at org.springframework.beans.factory.support.AbstractAutowireCapableBeanFactory.doCreateBean(AbstractAutowireCapableBeanFactory.java:607)
	at org.springframework.beans.factory.support.AbstractAutowireCapableBeanFactory.createBean(AbstractAutowireCapableBeanFactory.java:529)
	at org.springframework.beans.factory.support.AbstractBeanFactory.lambda$doGetBean$0(AbstractBeanFactory.java:339)
	at org.springframework.beans.factory.support.DefaultSingletonBeanRegistry.getSingleton(DefaultSingletonBeanRegistry.java:373)
	at org.springframework.beans.factory.support.AbstractBeanFactory.doGetBean(AbstractBeanFactory.java:337)
	at org.springframework.beans.factory.support.AbstractBeanFactory.getBean(AbstractBeanFactory.java:207)
	at org.springframework.context.support.AbstractApplicationContext.finishBeanFactoryInitialization(AbstractApplicationContext.java:973)
	at org.springframework.context.support.AbstractApplicationContext.refresh(AbstractApplicationContext.java:627)
	at org.springframework.boot.web.servlet.context.ServletWebServerApplicationContext.refresh(ServletWebServerApplicationContext.java:146)
	at org.springframework.boot.SpringApplication.refresh(SpringApplication.java:752)
	at org.springframework.boot.SpringApplication.refreshContext(SpringApplication.java:439)
	at org.springframework.boot.SpringApplication.run(SpringApplication.java:318)
	at org.springframework.boot.SpringApplication.run(SpringApplication.java:1361)
	at org.springframework.boot.SpringApplication.run(SpringApplication.java:1350)
	at com.example.householdbook.HouseholdBookApplication.main(HouseholdBookApplication.java:10)
	at java.base/jdk.internal.reflect.NativeMethodAccessorImpl.invoke0(Native Method)
	at java.base/jdk.internal.reflect.NativeMethodAccessorImpl.invoke(NativeMethodAccessorImpl.java:77)
	at java.base/jdk.internal.reflect.DelegatingMethodAccessorImpl.invoke(DelegatingMethodAccessorImpl.java:43)
	at java.base/java.lang.reflect.Method.invoke(Method.java:568)
	at org.springframework.boot.devtools.restart.RestartLauncher.run(RestartLauncher.java:50)
Caused by: java.sql.SQLException: ORA-12505: データベースに接続できません。SID ORCLCDBは、host localhost port 1521のリスナーに登録されていません。 (CONNECTION_ID=Mh0OmABER6iuzQkQvHiieA==)
https://docs.oracle.com/error-help/db/ora-12505/
	at oracle.jdbc.driver.T4CConnection.handleLogonNetException(T4CConnection.java:1853)
	at oracle.jdbc.driver.T4CConnection.logon(T4CConnection.java:1204)
	at oracle.jdbc.driver.PhysicalConnection.connect(PhysicalConnection.java:1189)
	at oracle.jdbc.driver.T4CDriverExtension.getConnection(T4CDriverExtension.java:106)
	at oracle.jdbc.driver.OracleDriver.connect(OracleDriver.java:887)
	at oracle.jdbc.driver.OracleDriver.connect(OracleDriver.java:694)
	at com.zaxxer.hikari.util.DriverDataSource.getConnection(DriverDataSource.java:144)
	at com.zaxxer.hikari.pool.PoolBase.newConnection(PoolBase.java:370)
	at com.zaxxer.hikari.pool.PoolBase.newPoolEntry(PoolBase.java:207)
	at com.zaxxer.hikari.pool.HikariPool.createPoolEntry(HikariPool.java:488)
	at com.zaxxer.hikari.pool.HikariPool.checkFailFast(HikariPool.java:576)
	at com.zaxxer.hikari.pool.HikariPool.<init>(HikariPool.java:97)
	at com.zaxxer.hikari.HikariDataSource.getConnection(HikariDataSource.java:111)
	at org.hibernate.engine.jdbc.connections.internal.DatasourceConnectionProviderImpl.getConnection(DatasourceConnectionProviderImpl.java:126)
	at org.hibernate.engine.jdbc.env.internal.JdbcEnvironmentInitiator$ConnectionProviderJdbcConnectionAccess.obtainConnection(JdbcEnvironmentInitiator.java:485)
	at org.hibernate.resource.transaction.backend.jdbc.internal.JdbcIsolationDelegate.delegateWork(JdbcIsolationDelegate.java:61)
	... 40 common frames omitted
Caused by: oracle.net.ns.NetException: ORA-12505: データベースに接続できません。SID ORCLCDBは、host localhost port 1521のリスナーに登録されていません。 (CONNECTION_ID=Mh0OmABER6iuzQkQvHiieA==)
https://docs.oracle.com/error-help/db/ora-12505/
	at oracle.net.ns.NSProtocolNIO.createRefusePacketException(NSProtocolNIO.java:919)
	at oracle.net.ns.NSProtocolNIO.handleConnectPacketResponse(NSProtocolNIO.java:462)
	at oracle.net.ns.NSProtocolNIO.negotiateConnection(NSProtocolNIO.java:270)
	at oracle.net.ns.NSProtocol.connect(NSProtocol.java:353)
	at oracle.jdbc.driver.T4CConnection.connectNetworkSessionProtocol(T4CConnection.java:3684)
	at oracle.jdbc.driver.T4CConnection.logon(T4CConnection.java:1083)
	... 54 common frames omitted
2025-11-26 09:00:47.606 WARN  org.hibernate.orm.deprecation - HHH90000025: OracleDialect does not need to be specified explicitly using 'hibernate.dialect' (remove the property setting and it will be selected by default)
2025-11-26 09:00:47.701 INFO  com.zaxxer.hikari.HikariDataSource - HikariPool-22 - Starting...
2025-11-26 09:00:48.714 WARN  o.h.e.jdbc.spi.SqlExceptionHelper - SQL Error: 12505, SQLState: 66000
2025-11-26 09:00:48.714 ERROR o.h.e.jdbc.spi.SqlExceptionHelper - ORA-12505: データベースに接続できません。SID ORCLCDBは、host localhost port 1521のリスナーに登録されていません。 (CONNECTION_ID=9w9uttsMTQqOqdv6BzxAUA==)
https://docs.oracle.com/error-help/db/ora-12505/
2025-11-26 09:00:48.715 ERROR o.s.o.j.LocalContainerEntityManagerFactoryBean - Failed to initialize JPA EntityManagerFactory: [PersistenceUnit: default] Unable to build Hibernate SessionFactory; nested exception is org.hibernate.exception.GenericJDBCException: Unable to open JDBC Connection for DDL execution [ORA-12505: データベースに接続できません。SID ORCLCDBは、host localhost port 1521のリスナーに登録されていません。 (CONNECTION_ID=9w9uttsMTQqOqdv6BzxAUA==)
https://docs.oracle.com/error-help/db/ora-12505/] [n/a]
2025-11-26 09:00:48.715 WARN  o.s.b.w.s.c.AnnotationConfigServletWebServerApplicationContext - Exception encountered during context initialization - cancelling refresh attempt: org.springframework.beans.factory.BeanCreationException: Error creating bean with name 'entityManagerFactory' defined in class path resource [org/springframework/boot/autoconfigure/orm/jpa/HibernateJpaConfiguration.class]: [PersistenceUnit: default] Unable to build Hibernate SessionFactory; nested exception is org.hibernate.exception.GenericJDBCException: Unable to open JDBC Connection for DDL execution [ORA-12505: データベースに接続できません。SID ORCLCDBは、host localhost port 1521のリスナーに登録されていません。 (CONNECTION_ID=9w9uttsMTQqOqdv6BzxAUA==)
https://docs.oracle.com/error-help/db/ora-12505/] [n/a]
2025-11-26 09:00:48.715 INFO  o.a.catalina.core.StandardService - Stopping service [Tomcat]
2025-11-26 09:00:48.727 ERROR o.s.boot.SpringApplication - Application run failed
org.springframework.beans.factory.BeanCreationException: Error creating bean with name 'entityManagerFactory' defined in class path resource [org/springframework/boot/autoconfigure/orm/jpa/HibernateJpaConfiguration.class]: [PersistenceUnit: default] Unable to build Hibernate SessionFactory; nested exception is org.hibernate.exception.GenericJDBCException: Unable to open JDBC Connection for DDL execution [ORA-12505: データベースに接続できません。SID ORCLCDBは、host localhost port 1521のリスナーに登録されていません。 (CONNECTION_ID=9w9uttsMTQqOqdv6BzxAUA==)
https://docs.oracle.com/error-help/db/ora-12505/] [n/a]
	at org.springframework.beans.factory.support.AbstractAutowireCapableBeanFactory.initializeBean(AbstractAutowireCapableBeanFactory.java:1826)
	at org.springframework.beans.factory.support.AbstractAutowireCapableBeanFactory.doCreateBean(AbstractAutowireCapableBeanFactory.java:607)
	at org.springframework.beans.factory.support.AbstractAutowireCapableBeanFactory.createBean(AbstractAutowireCapableBeanFactory.java:529)
	at org.springframework.beans.factory.support.AbstractBeanFactory.lambda$doGetBean$0(AbstractBeanFactory.java:339)
	at org.springframework.beans.factory.support.DefaultSingletonBeanRegistry.getSingleton(DefaultSingletonBeanRegistry.java:373)
	at org.springframework.beans.factory.support.AbstractBeanFactory.doGetBean(AbstractBeanFactory.java:337)
	at org.springframework.beans.factory.support.AbstractBeanFactory.getBean(AbstractBeanFactory.java:207)
	at org.springframework.context.support.AbstractApplicationContext.finishBeanFactoryInitialization(AbstractApplicationContext.java:973)
	at org.springframework.context.support.AbstractApplicationContext.refresh(AbstractApplicationContext.java:627)
	at org.springframework.boot.web.servlet.context.ServletWebServerApplicationContext.refresh(ServletWebServerApplicationContext.java:146)
	at org.springframework.boot.SpringApplication.refresh(SpringApplication.java:752)
	at org.springframework.boot.SpringApplication.refreshContext(SpringApplication.java:439)
	at org.springframework.boot.SpringApplication.run(SpringApplication.java:318)
	at org.springframework.boot.SpringApplication.run(SpringApplication.java:1361)
	at org.springframework.boot.SpringApplication.run(SpringApplication.java:1350)
	at com.example.householdbook.HouseholdBookApplication.main(HouseholdBookApplication.java:10)
	at java.base/jdk.internal.reflect.NativeMethodAccessorImpl.invoke0(Native Method)
	at java.base/jdk.internal.reflect.NativeMethodAccessorImpl.invoke(NativeMethodAccessorImpl.java:77)
	at java.base/jdk.internal.reflect.DelegatingMethodAccessorImpl.invoke(DelegatingMethodAccessorImpl.java:43)
	at java.base/java.lang.reflect.Method.invoke(Method.java:568)
	at org.springframework.boot.devtools.restart.RestartLauncher.run(RestartLauncher.java:50)
Caused by: jakarta.persistence.PersistenceException: [PersistenceUnit: default] Unable to build Hibernate SessionFactory; nested exception is org.hibernate.exception.GenericJDBCException: Unable to open JDBC Connection for DDL execution [ORA-12505: データベースに接続できません。SID ORCLCDBは、host localhost port 1521のリスナーに登録されていません。 (CONNECTION_ID=9w9uttsMTQqOqdv6BzxAUA==)
https://docs.oracle.com/error-help/db/ora-12505/] [n/a]
	at org.springframework.orm.jpa.AbstractEntityManagerFactoryBean.buildNativeEntityManagerFactory(AbstractEntityManagerFactoryBean.java:431)
	at org.springframework.orm.jpa.AbstractEntityManagerFactoryBean.afterPropertiesSet(AbstractEntityManagerFactoryBean.java:400)
	at org.springframework.orm.jpa.LocalContainerEntityManagerFactoryBean.afterPropertiesSet(LocalContainerEntityManagerFactoryBean.java:366)
	at org.springframework.beans.factory.support.AbstractAutowireCapableBeanFactory.invokeInitMethods(AbstractAutowireCapableBeanFactory.java:1873)
	at org.springframework.beans.factory.support.AbstractAutowireCapableBeanFactory.initializeBean(AbstractAutowireCapableBeanFactory.java:1822)
	... 20 common frames omitted
Caused by: org.hibernate.exception.GenericJDBCException: Unable to open JDBC Connection for DDL execution [ORA-12505: データベースに接続できません。SID ORCLCDBは、host localhost port 1521のリスナーに登録されていません。 (CONNECTION_ID=9w9uttsMTQqOqdv6BzxAUA==)
https://docs.oracle.com/error-help/db/ora-12505/] [n/a]
	at org.hibernate.exception.internal.StandardSQLExceptionConverter.convert(StandardSQLExceptionConverter.java:63)
	at org.hibernate.engine.jdbc.spi.SqlExceptionHelper.convert(SqlExceptionHelper.java:108)
	at org.hibernate.engine.jdbc.spi.SqlExceptionHelper.convert(SqlExceptionHelper.java:94)
	at org.hibernate.resource.transaction.backend.jdbc.internal.DdlTransactionIsolatorNonJtaImpl.getIsolatedConnection(DdlTransactionIsolatorNonJtaImpl.java:74)
	at org.hibernate.resource.transaction.backend.jdbc.internal.DdlTransactionIsolatorNonJtaImpl.getIsolatedConnection(DdlTransactionIsolatorNonJtaImpl.java:39)
	at org.hibernate.tool.schema.internal.exec.ImprovedExtractionContextImpl.getJdbcConnection(ImprovedExtractionContextImpl.java:63)
	at org.hibernate.tool.schema.extract.spi.ExtractionContext.getQueryResults(ExtractionContext.java:43)
	at org.hibernate.tool.schema.extract.internal.SequenceInformationExtractorLegacyImpl.extractMetadata(SequenceInformationExtractorLegacyImpl.java:39)
	at org.hibernate.tool.schema.extract.internal.DatabaseInformationImpl.initializeSequences(DatabaseInformationImpl.java:66)
	at org.hibernate.tool.schema.extract.internal.DatabaseInformationImpl.<init>(DatabaseInformationImpl.java:60)
	at org.hibernate.tool.schema.internal.Helper.buildDatabaseInformation(Helper.java:185)
	at org.hibernate.tool.schema.internal.AbstractSchemaMigrator.doMigration(AbstractSchemaMigrator.java:93)
	at org.hibernate.tool.schema.spi.SchemaManagementToolCoordinator.performDatabaseAction(SchemaManagementToolCoordinator.java:280)
	at org.hibernate.tool.schema.spi.SchemaManagementToolCoordinator.lambda$process$5(SchemaManagementToolCoordinator.java:144)
	at java.base/java.util.HashMap.forEach(HashMap.java:1421)
	at org.hibernate.tool.schema.spi.SchemaManagementToolCoordinator.process(SchemaManagementToolCoordinator.java:141)
	at org.hibernate.boot.internal.SessionFactoryObserverForSchemaExport.sessionFactoryCreated(SessionFactoryObserverForSchemaExport.java:37)
	at org.hibernate.internal.SessionFactoryObserverChain.sessionFactoryCreated(SessionFactoryObserverChain.java:35)
	at org.hibernate.internal.SessionFactoryImpl.<init>(SessionFactoryImpl.java:324)
	at org.hibernate.boot.internal.SessionFactoryBuilderImpl.build(SessionFactoryBuilderImpl.java:463)
	at org.hibernate.jpa.boot.internal.EntityManagerFactoryBuilderImpl.build(EntityManagerFactoryBuilderImpl.java:1517)
	at org.springframework.orm.jpa.vendor.SpringHibernateJpaPersistenceProvider.createContainerEntityManagerFactory(SpringHibernateJpaPersistenceProvider.java:66)
	at org.springframework.orm.jpa.LocalContainerEntityManagerFactoryBean.createNativeEntityManagerFactory(LocalContainerEntityManagerFactoryBean.java:390)
	at org.springframework.orm.jpa.AbstractEntityManagerFactoryBean.buildNativeEntityManagerFactory(AbstractEntityManagerFactoryBean.java:419)
	... 24 common frames omitted
Caused by: java.sql.SQLException: ORA-12505: データベースに接続できません。SID ORCLCDBは、host localhost port 1521のリスナーに登録されていません。 (CONNECTION_ID=9w9uttsMTQqOqdv6BzxAUA==)
https://docs.oracle.com/error-help/db/ora-12505/
	at oracle.jdbc.driver.T4CConnection.handleLogonNetException(T4CConnection.java:1853)
	at oracle.jdbc.driver.T4CConnection.logon(T4CConnection.java:1204)
	at oracle.jdbc.driver.PhysicalConnection.connect(PhysicalConnection.java:1189)
	at oracle.jdbc.driver.T4CDriverExtension.getConnection(T4CDriverExtension.java:106)
	at oracle.jdbc.driver.OracleDriver.connect(OracleDriver.java:887)
	at oracle.jdbc.driver.OracleDriver.connect(OracleDriver.java:694)
	at com.zaxxer.hikari.util.DriverDataSource.getConnection(DriverDataSource.java:144)
	at com.zaxxer.hikari.pool.PoolBase.newConnection(PoolBase.java:370)
	at com.zaxxer.hikari.pool.PoolBase.newPoolEntry(PoolBase.java:207)
	at com.zaxxer.hikari.pool.HikariPool.createPoolEntry(HikariPool.java:488)
	at com.zaxxer.hikari.pool.HikariPool.checkFailFast(HikariPool.java:576)
	at com.zaxxer.hikari.pool.HikariPool.<init>(HikariPool.java:97)
	at com.zaxxer.hikari.HikariDataSource.getConnection(HikariDataSource.java:111)
	at org.hibernate.engine.jdbc.connections.internal.DatasourceConnectionProviderImpl.getConnection(DatasourceConnectionProviderImpl.java:126)
	at org.hibernate.engine.jdbc.env.internal.JdbcEnvironmentInitiator$ConnectionProviderJdbcConnectionAccess.obtainConnection(JdbcEnvironmentInitiator.java:485)
	at org.hibernate.resource.transaction.backend.jdbc.internal.DdlTransactionIsolatorNonJtaImpl.getIsolatedConnection(DdlTransactionIsolatorNonJtaImpl.java:46)
	... 44 common frames omitted
Caused by: oracle.net.ns.NetException: ORA-12505: データベースに接続できません。SID ORCLCDBは、host localhost port 1521のリスナーに登録されていません。 (CONNECTION_ID=9w9uttsMTQqOqdv6BzxAUA==)
https://docs.oracle.com/error-help/db/ora-12505/
	at oracle.net.ns.NSProtocolNIO.createRefusePacketException(NSProtocolNIO.java:919)
	at oracle.net.ns.NSProtocolNIO.handleConnectPacketResponse(NSProtocolNIO.java:462)
	at oracle.net.ns.NSProtocolNIO.negotiateConnection(NSProtocolNIO.java:270)
	at oracle.net.ns.NSProtocol.connect(NSProtocol.java:353)
	at oracle.jdbc.driver.T4CConnection.connectNetworkSessionProtocol(T4CConnection.java:3684)
	at oracle.jdbc.driver.T4CConnection.logon(T4CConnection.java:1083)
	... 58 common frames omitted
2025-11-26 09:00:51.173 INFO  c.e.h.HouseholdBookApplication - Starting HouseholdBookApplication using Java 17.0.10 with PID 30057 (/Users/hidekiikeda/workspace/household-book/target/classes started by hidekiikeda in /Users/hidekiikeda/workspace/household-book)
2025-11-26 09:00:51.173 INFO  c.e.h.HouseholdBookApplication - No active profile set, falling back to 1 default profile: "default"
2025-11-26 09:00:51.408 INFO  o.a.catalina.core.StandardService - Starting service [Tomcat]
2025-11-26 09:00:51.408 INFO  o.a.catalina.core.StandardEngine - Starting Servlet engine: [Apache Tomcat/10.1.48]
2025-11-26 09:00:51.422 INFO  o.a.c.c.C.[Tomcat-8].[localhost].[/] - Initializing Spring embedded WebApplicationContext
2025-11-26 09:00:51.458 INFO  com.zaxxer.hikari.HikariDataSource - HikariPool-23 - Starting...
2025-11-26 09:00:52.480 WARN  o.h.e.jdbc.spi.SqlExceptionHelper - SQL Error: 12505, SQLState: 66000
2025-11-26 09:00:52.480 ERROR o.h.e.jdbc.spi.SqlExceptionHelper - ORA-12505: データベースに接続できません。SID ORCLCDBは、host localhost port 1521のリスナーに登録されていません。 (CONNECTION_ID=+E223Hv6RQ2NYQ+bvnJMLg==)
https://docs.oracle.com/error-help/db/ora-12505/
2025-11-26 09:00:52.480 WARN  o.h.e.j.e.i.JdbcEnvironmentInitiator - HHH000342: Could not obtain connection to query metadata
org.hibernate.exception.GenericJDBCException: unable to obtain isolated JDBC connection [ORA-12505: データベースに接続できません。SID ORCLCDBは、host localhost port 1521のリスナーに登録されていません。 (CONNECTION_ID=+E223Hv6RQ2NYQ+bvnJMLg==)
https://docs.oracle.com/error-help/db/ora-12505/] [n/a]
	at org.hibernate.exception.internal.StandardSQLExceptionConverter.convert(StandardSQLExceptionConverter.java:63)
	at org.hibernate.engine.jdbc.spi.SqlExceptionHelper.convert(SqlExceptionHelper.java:108)
	at org.hibernate.engine.jdbc.spi.SqlExceptionHelper.convert(SqlExceptionHelper.java:94)
	at org.hibernate.resource.transaction.backend.jdbc.internal.JdbcIsolationDelegate.delegateWork(JdbcIsolationDelegate.java:116)
	at org.hibernate.engine.jdbc.env.internal.JdbcEnvironmentInitiator.getJdbcEnvironmentUsingJdbcMetadata(JdbcEnvironmentInitiator.java:334)
	at org.hibernate.engine.jdbc.env.internal.JdbcEnvironmentInitiator.initiateService(JdbcEnvironmentInitiator.java:129)
	at org.hibernate.engine.jdbc.env.internal.JdbcEnvironmentInitiator.initiateService(JdbcEnvironmentInitiator.java:81)
	at org.hibernate.boot.registry.internal.StandardServiceRegistryImpl.initiateService(StandardServiceRegistryImpl.java:130)
	at org.hibernate.service.internal.AbstractServiceRegistryImpl.createService(AbstractServiceRegistryImpl.java:263)
	at org.hibernate.service.internal.AbstractServiceRegistryImpl.initializeService(AbstractServiceRegistryImpl.java:238)
	at org.hibernate.service.internal.AbstractServiceRegistryImpl.getService(AbstractServiceRegistryImpl.java:215)
	at org.hibernate.boot.model.relational.Database.<init>(Database.java:45)
	at org.hibernate.boot.internal.InFlightMetadataCollectorImpl.getDatabase(InFlightMetadataCollectorImpl.java:226)
	at org.hibernate.boot.internal.InFlightMetadataCollectorImpl.<init>(InFlightMetadataCollectorImpl.java:194)
	at org.hibernate.boot.model.process.spi.MetadataBuildingProcess.complete(MetadataBuildingProcess.java:171)
	at org.hibernate.jpa.boot.internal.EntityManagerFactoryBuilderImpl.metadata(EntityManagerFactoryBuilderImpl.java:1442)
	at org.hibernate.jpa.boot.internal.EntityManagerFactoryBuilderImpl.build(EntityManagerFactoryBuilderImpl.java:1513)
	at org.springframework.orm.jpa.vendor.SpringHibernateJpaPersistenceProvider.createContainerEntityManagerFactory(SpringHibernateJpaPersistenceProvider.java:66)
	at org.springframework.orm.jpa.LocalContainerEntityManagerFactoryBean.createNativeEntityManagerFactory(LocalContainerEntityManagerFactoryBean.java:390)
	at org.springframework.orm.jpa.AbstractEntityManagerFactoryBean.buildNativeEntityManagerFactory(AbstractEntityManagerFactoryBean.java:419)
	at org.springframework.orm.jpa.AbstractEntityManagerFactoryBean.afterPropertiesSet(AbstractEntityManagerFactoryBean.java:400)
	at org.springframework.orm.jpa.LocalContainerEntityManagerFactoryBean.afterPropertiesSet(LocalContainerEntityManagerFactoryBean.java:366)
	at org.springframework.beans.factory.support.AbstractAutowireCapableBeanFactory.invokeInitMethods(AbstractAutowireCapableBeanFactory.java:1873)
	at org.springframework.beans.factory.support.AbstractAutowireCapableBeanFactory.initializeBean(AbstractAutowireCapableBeanFactory.java:1822)
	at org.springframework.beans.factory.support.AbstractAutowireCapableBeanFactory.doCreateBean(AbstractAutowireCapableBeanFactory.java:607)
	at org.springframework.beans.factory.support.AbstractAutowireCapableBeanFactory.createBean(AbstractAutowireCapableBeanFactory.java:529)
	at org.springframework.beans.factory.support.AbstractBeanFactory.lambda$doGetBean$0(AbstractBeanFactory.java:339)
	at org.springframework.beans.factory.support.DefaultSingletonBeanRegistry.getSingleton(DefaultSingletonBeanRegistry.java:373)
	at org.springframework.beans.factory.support.AbstractBeanFactory.doGetBean(AbstractBeanFactory.java:337)
	at org.springframework.beans.factory.support.AbstractBeanFactory.getBean(AbstractBeanFactory.java:207)
	at org.springframework.context.support.AbstractApplicationContext.finishBeanFactoryInitialization(AbstractApplicationContext.java:973)
	at org.springframework.context.support.AbstractApplicationContext.refresh(AbstractApplicationContext.java:627)
	at org.springframework.boot.web.servlet.context.ServletWebServerApplicationContext.refresh(ServletWebServerApplicationContext.java:146)
	at org.springframework.boot.SpringApplication.refresh(SpringApplication.java:752)
	at org.springframework.boot.SpringApplication.refreshContext(SpringApplication.java:439)
	at org.springframework.boot.SpringApplication.run(SpringApplication.java:318)
	at org.springframework.boot.SpringApplication.run(SpringApplication.java:1361)
	at org.springframework.boot.SpringApplication.run(SpringApplication.java:1350)
	at com.example.householdbook.HouseholdBookApplication.main(HouseholdBookApplication.java:10)
	at java.base/jdk.internal.reflect.NativeMethodAccessorImpl.invoke0(Native Method)
	at java.base/jdk.internal.reflect.NativeMethodAccessorImpl.invoke(NativeMethodAccessorImpl.java:77)
	at java.base/jdk.internal.reflect.DelegatingMethodAccessorImpl.invoke(DelegatingMethodAccessorImpl.java:43)
	at java.base/java.lang.reflect.Method.invoke(Method.java:568)
	at org.springframework.boot.devtools.restart.RestartLauncher.run(RestartLauncher.java:50)
Caused by: java.sql.SQLException: ORA-12505: データベースに接続できません。SID ORCLCDBは、host localhost port 1521のリスナーに登録されていません。 (CONNECTION_ID=+E223Hv6RQ2NYQ+bvnJMLg==)
https://docs.oracle.com/error-help/db/ora-12505/
	at oracle.jdbc.driver.T4CConnection.handleLogonNetException(T4CConnection.java:1853)
	at oracle.jdbc.driver.T4CConnection.logon(T4CConnection.java:1204)
	at oracle.jdbc.driver.PhysicalConnection.connect(PhysicalConnection.java:1189)
	at oracle.jdbc.driver.T4CDriverExtension.getConnection(T4CDriverExtension.java:106)
	at oracle.jdbc.driver.OracleDriver.connect(OracleDriver.java:887)
	at oracle.jdbc.driver.OracleDriver.connect(OracleDriver.java:694)
	at com.zaxxer.hikari.util.DriverDataSource.getConnection(DriverDataSource.java:144)
	at com.zaxxer.hikari.pool.PoolBase.newConnection(PoolBase.java:370)
	at com.zaxxer.hikari.pool.PoolBase.newPoolEntry(PoolBase.java:207)
	at com.zaxxer.hikari.pool.HikariPool.createPoolEntry(HikariPool.java:488)
	at com.zaxxer.hikari.pool.HikariPool.checkFailFast(HikariPool.java:576)
	at com.zaxxer.hikari.pool.HikariPool.<init>(HikariPool.java:97)
	at com.zaxxer.hikari.HikariDataSource.getConnection(HikariDataSource.java:111)
	at org.hibernate.engine.jdbc.connections.internal.DatasourceConnectionProviderImpl.getConnection(DatasourceConnectionProviderImpl.java:126)
	at org.hibernate.engine.jdbc.env.internal.JdbcEnvironmentInitiator$ConnectionProviderJdbcConnectionAccess.obtainConnection(JdbcEnvironmentInitiator.java:485)
	at org.hibernate.resource.transaction.backend.jdbc.internal.JdbcIsolationDelegate.delegateWork(JdbcIsolationDelegate.java:61)
	... 40 common frames omitted
Caused by: oracle.net.ns.NetException: ORA-12505: データベースに接続できません。SID ORCLCDBは、host localhost port 1521のリスナーに登録されていません。 (CONNECTION_ID=+E223Hv6RQ2NYQ+bvnJMLg==)
https://docs.oracle.com/error-help/db/ora-12505/
	at oracle.net.ns.NSProtocolNIO.createRefusePacketException(NSProtocolNIO.java:919)
	at oracle.net.ns.NSProtocolNIO.handleConnectPacketResponse(NSProtocolNIO.java:462)
	at oracle.net.ns.NSProtocolNIO.negotiateConnection(NSProtocolNIO.java:270)
	at oracle.net.ns.NSProtocol.connect(NSProtocol.java:353)
	at oracle.jdbc.driver.T4CConnection.connectNetworkSessionProtocol(T4CConnection.java:3684)
	at oracle.jdbc.driver.T4CConnection.logon(T4CConnection.java:1083)
	... 54 common frames omitted
2025-11-26 09:00:52.482 WARN  org.hibernate.orm.deprecation - HHH90000025: OracleDialect does not need to be specified explicitly using 'hibernate.dialect' (remove the property setting and it will be selected by default)
2025-11-26 09:00:52.516 INFO  com.zaxxer.hikari.HikariDataSource - HikariPool-23 - Starting...
2025-11-26 09:00:53.524 WARN  o.h.e.jdbc.spi.SqlExceptionHelper - SQL Error: 12505, SQLState: 66000
2025-11-26 09:00:53.524 ERROR o.h.e.jdbc.spi.SqlExceptionHelper - ORA-12505: データベースに接続できません。SID ORCLCDBは、host localhost port 1521のリスナーに登録されていません。 (CONNECTION_ID=XaerVttRRDeDfO/YnBm3uA==)
https://docs.oracle.com/error-help/db/ora-12505/
2025-11-26 09:00:53.525 ERROR o.s.o.j.LocalContainerEntityManagerFactoryBean - Failed to initialize JPA EntityManagerFactory: [PersistenceUnit: default] Unable to build Hibernate SessionFactory; nested exception is org.hibernate.exception.GenericJDBCException: Unable to open JDBC Connection for DDL execution [ORA-12505: データベースに接続できません。SID ORCLCDBは、host localhost port 1521のリスナーに登録されていません。 (CONNECTION_ID=XaerVttRRDeDfO/YnBm3uA==)
https://docs.oracle.com/error-help/db/ora-12505/] [n/a]
2025-11-26 09:00:53.525 WARN  o.s.b.w.s.c.AnnotationConfigServletWebServerApplicationContext - Exception encountered during context initialization - cancelling refresh attempt: org.springframework.beans.factory.BeanCreationException: Error creating bean with name 'entityManagerFactory' defined in class path resource [org/springframework/boot/autoconfigure/orm/jpa/HibernateJpaConfiguration.class]: [PersistenceUnit: default] Unable to build Hibernate SessionFactory; nested exception is org.hibernate.exception.GenericJDBCException: Unable to open JDBC Connection for DDL execution [ORA-12505: データベースに接続できません。SID ORCLCDBは、host localhost port 1521のリスナーに登録されていません。 (CONNECTION_ID=XaerVttRRDeDfO/YnBm3uA==)
https://docs.oracle.com/error-help/db/ora-12505/] [n/a]
2025-11-26 09:00:53.525 INFO  o.a.catalina.core.StandardService - Stopping service [Tomcat]
2025-11-26 09:00:53.533 ERROR o.s.boot.SpringApplication - Application run failed
org.springframework.beans.factory.BeanCreationException: Error creating bean with name 'entityManagerFactory' defined in class path resource [org/springframework/boot/autoconfigure/orm/jpa/HibernateJpaConfiguration.class]: [PersistenceUnit: default] Unable to build Hibernate SessionFactory; nested exception is org.hibernate.exception.GenericJDBCException: Unable to open JDBC Connection for DDL execution [ORA-12505: データベースに接続できません。SID ORCLCDBは、host localhost port 1521のリスナーに登録されていません。 (CONNECTION_ID=XaerVttRRDeDfO/YnBm3uA==)
https://docs.oracle.com/error-help/db/ora-12505/] [n/a]
	at org.springframework.beans.factory.support.AbstractAutowireCapableBeanFactory.initializeBean(AbstractAutowireCapableBeanFactory.java:1826)
	at org.springframework.beans.factory.support.AbstractAutowireCapableBeanFactory.doCreateBean(AbstractAutowireCapableBeanFactory.java:607)
	at org.springframework.beans.factory.support.AbstractAutowireCapableBeanFactory.createBean(AbstractAutowireCapableBeanFactory.java:529)
	at org.springframework.beans.factory.support.AbstractBeanFactory.lambda$doGetBean$0(AbstractBeanFactory.java:339)
	at org.springframework.beans.factory.support.DefaultSingletonBeanRegistry.getSingleton(DefaultSingletonBeanRegistry.java:373)
	at org.springframework.beans.factory.support.AbstractBeanFactory.doGetBean(AbstractBeanFactory.java:337)
	at org.springframework.beans.factory.support.AbstractBeanFactory.getBean(AbstractBeanFactory.java:207)
	at org.springframework.context.support.AbstractApplicationContext.finishBeanFactoryInitialization(AbstractApplicationContext.java:973)
	at org.springframework.context.support.AbstractApplicationContext.refresh(AbstractApplicationContext.java:627)
	at org.springframework.boot.web.servlet.context.ServletWebServerApplicationContext.refresh(ServletWebServerApplicationContext.java:146)
	at org.springframework.boot.SpringApplication.refresh(SpringApplication.java:752)
	at org.springframework.boot.SpringApplication.refreshContext(SpringApplication.java:439)
	at org.springframework.boot.SpringApplication.run(SpringApplication.java:318)
	at org.springframework.boot.SpringApplication.run(SpringApplication.java:1361)
	at org.springframework.boot.SpringApplication.run(SpringApplication.java:1350)
	at com.example.householdbook.HouseholdBookApplication.main(HouseholdBookApplication.java:10)
	at java.base/jdk.internal.reflect.NativeMethodAccessorImpl.invoke0(Native Method)
	at java.base/jdk.internal.reflect.NativeMethodAccessorImpl.invoke(NativeMethodAccessorImpl.java:77)
	at java.base/jdk.internal.reflect.DelegatingMethodAccessorImpl.invoke(DelegatingMethodAccessorImpl.java:43)
	at java.base/java.lang.reflect.Method.invoke(Method.java:568)
	at org.springframework.boot.devtools.restart.RestartLauncher.run(RestartLauncher.java:50)
Caused by: jakarta.persistence.PersistenceException: [PersistenceUnit: default] Unable to build Hibernate SessionFactory; nested exception is org.hibernate.exception.GenericJDBCException: Unable to open JDBC Connection for DDL execution [ORA-12505: データベースに接続できません。SID ORCLCDBは、host localhost port 1521のリスナーに登録されていません。 (CONNECTION_ID=XaerVttRRDeDfO/YnBm3uA==)
https://docs.oracle.com/error-help/db/ora-12505/] [n/a]
	at org.springframework.orm.jpa.AbstractEntityManagerFactoryBean.buildNativeEntityManagerFactory(AbstractEntityManagerFactoryBean.java:431)
	at org.springframework.orm.jpa.AbstractEntityManagerFactoryBean.afterPropertiesSet(AbstractEntityManagerFactoryBean.java:400)
	at org.springframework.orm.jpa.LocalContainerEntityManagerFactoryBean.afterPropertiesSet(LocalContainerEntityManagerFactoryBean.java:366)
	at org.springframework.beans.factory.support.AbstractAutowireCapableBeanFactory.invokeInitMethods(AbstractAutowireCapableBeanFactory.java:1873)
	at org.springframework.beans.factory.support.AbstractAutowireCapableBeanFactory.initializeBean(AbstractAutowireCapableBeanFactory.java:1822)
	... 20 common frames omitted
Caused by: org.hibernate.exception.GenericJDBCException: Unable to open JDBC Connection for DDL execution [ORA-12505: データベースに接続できません。SID ORCLCDBは、host localhost port 1521のリスナーに登録されていません。 (CONNECTION_ID=XaerVttRRDeDfO/YnBm3uA==)
https://docs.oracle.com/error-help/db/ora-12505/] [n/a]
	at org.hibernate.exception.internal.StandardSQLExceptionConverter.convert(StandardSQLExceptionConverter.java:63)
	at org.hibernate.engine.jdbc.spi.SqlExceptionHelper.convert(SqlExceptionHelper.java:108)
	at org.hibernate.engine.jdbc.spi.SqlExceptionHelper.convert(SqlExceptionHelper.java:94)
	at org.hibernate.resource.transaction.backend.jdbc.internal.DdlTransactionIsolatorNonJtaImpl.getIsolatedConnection(DdlTransactionIsolatorNonJtaImpl.java:74)
	at org.hibernate.resource.transaction.backend.jdbc.internal.DdlTransactionIsolatorNonJtaImpl.getIsolatedConnection(DdlTransactionIsolatorNonJtaImpl.java:39)
	at org.hibernate.tool.schema.internal.exec.ImprovedExtractionContextImpl.getJdbcConnection(ImprovedExtractionContextImpl.java:63)
	at org.hibernate.tool.schema.extract.spi.ExtractionContext.getQueryResults(ExtractionContext.java:43)
	at org.hibernate.tool.schema.extract.internal.SequenceInformationExtractorLegacyImpl.extractMetadata(SequenceInformationExtractorLegacyImpl.java:39)
	at org.hibernate.tool.schema.extract.internal.DatabaseInformationImpl.initializeSequences(DatabaseInformationImpl.java:66)
	at org.hibernate.tool.schema.extract.internal.DatabaseInformationImpl.<init>(DatabaseInformationImpl.java:60)
	at org.hibernate.tool.schema.internal.Helper.buildDatabaseInformation(Helper.java:185)
	at org.hibernate.tool.schema.internal.AbstractSchemaMigrator.doMigration(AbstractSchemaMigrator.java:93)
	at org.hibernate.tool.schema.spi.SchemaManagementToolCoordinator.performDatabaseAction(SchemaManagementToolCoordinator.java:280)
	at org.hibernate.tool.schema.spi.SchemaManagementToolCoordinator.lambda$process$5(SchemaManagementToolCoordinator.java:144)
	at java.base/java.util.HashMap.forEach(HashMap.java:1421)
	at org.hibernate.tool.schema.spi.SchemaManagementToolCoordinator.process(SchemaManagementToolCoordinator.java:141)
	at org.hibernate.boot.internal.SessionFactoryObserverForSchemaExport.sessionFactoryCreated(SessionFactoryObserverForSchemaExport.java:37)
	at org.hibernate.internal.SessionFactoryObserverChain.sessionFactoryCreated(SessionFactoryObserverChain.java:35)
	at org.hibernate.internal.SessionFactoryImpl.<init>(SessionFactoryImpl.java:324)
	at org.hibernate.boot.internal.SessionFactoryBuilderImpl.build(SessionFactoryBuilderImpl.java:463)
	at org.hibernate.jpa.boot.internal.EntityManagerFactoryBuilderImpl.build(EntityManagerFactoryBuilderImpl.java:1517)
	at org.springframework.orm.jpa.vendor.SpringHibernateJpaPersistenceProvider.createContainerEntityManagerFactory(SpringHibernateJpaPersistenceProvider.java:66)
	at org.springframework.orm.jpa.LocalContainerEntityManagerFactoryBean.createNativeEntityManagerFactory(LocalContainerEntityManagerFactoryBean.java:390)
	at org.springframework.orm.jpa.AbstractEntityManagerFactoryBean.buildNativeEntityManagerFactory(AbstractEntityManagerFactoryBean.java:419)
	... 24 common frames omitted
Caused by: java.sql.SQLException: ORA-12505: データベースに接続できません。SID ORCLCDBは、host localhost port 1521のリスナーに登録されていません。 (CONNECTION_ID=XaerVttRRDeDfO/YnBm3uA==)
https://docs.oracle.com/error-help/db/ora-12505/
	at oracle.jdbc.driver.T4CConnection.handleLogonNetException(T4CConnection.java:1853)
	at oracle.jdbc.driver.T4CConnection.logon(T4CConnection.java:1204)
	at oracle.jdbc.driver.PhysicalConnection.connect(PhysicalConnection.java:1189)
	at oracle.jdbc.driver.T4CDriverExtension.getConnection(T4CDriverExtension.java:106)
	at oracle.jdbc.driver.OracleDriver.connect(OracleDriver.java:887)
	at oracle.jdbc.driver.OracleDriver.connect(OracleDriver.java:694)
	at com.zaxxer.hikari.util.DriverDataSource.getConnection(DriverDataSource.java:144)
	at com.zaxxer.hikari.pool.PoolBase.newConnection(PoolBase.java:370)
	at com.zaxxer.hikari.pool.PoolBase.newPoolEntry(PoolBase.java:207)
	at com.zaxxer.hikari.pool.HikariPool.createPoolEntry(HikariPool.java:488)
	at com.zaxxer.hikari.pool.HikariPool.checkFailFast(HikariPool.java:576)
	at com.zaxxer.hikari.pool.HikariPool.<init>(HikariPool.java:97)
	at com.zaxxer.hikari.HikariDataSource.getConnection(HikariDataSource.java:111)
	at org.hibernate.engine.jdbc.connections.internal.DatasourceConnectionProviderImpl.getConnection(DatasourceConnectionProviderImpl.java:126)
	at org.hibernate.engine.jdbc.env.internal.JdbcEnvironmentInitiator$ConnectionProviderJdbcConnectionAccess.obtainConnection(JdbcEnvironmentInitiator.java:485)
	at org.hibernate.resource.transaction.backend.jdbc.internal.DdlTransactionIsolatorNonJtaImpl.getIsolatedConnection(DdlTransactionIsolatorNonJtaImpl.java:46)
	... 44 common frames omitted
Caused by: oracle.net.ns.NetException: ORA-12505: データベースに接続できません。SID ORCLCDBは、host localhost port 1521のリスナーに登録されていません。 (CONNECTION_ID=XaerVttRRDeDfO/YnBm3uA==)
https://docs.oracle.com/error-help/db/ora-12505/
	at oracle.net.ns.NSProtocolNIO.createRefusePacketException(NSProtocolNIO.java:919)
	at oracle.net.ns.NSProtocolNIO.handleConnectPacketResponse(NSProtocolNIO.java:462)
	at oracle.net.ns.NSProtocolNIO.negotiateConnection(NSProtocolNIO.java:270)
	at oracle.net.ns.NSProtocol.connect(NSProtocol.java:353)
	at oracle.jdbc.driver.T4CConnection.connectNetworkSessionProtocol(T4CConnection.java:3684)
	at oracle.jdbc.driver.T4CConnection.logon(T4CConnection.java:1083)
	... 58 common frames omitted
